2024-06-12 00:47:00.391 [info] Уровень ведения журнала: Info
2024-06-12 00:47:00.391 [info] Проверка найденного Git в: "git"
2024-06-12 00:47:00.391 [info] Используется Git "2.45.1" из "git"
2024-06-12 00:47:00.391 [info] > git rev-parse --show-toplevel [6ms]
2024-06-12 00:47:00.391 [info] > git rev-parse --git-dir --git-common-dir [1ms]
2024-06-12 00:47:00.391 [info] Open repository: /home/sai/django-project/NewsPortal
2024-06-12 00:47:00.391 [info] > git rev-parse --show-toplevel [7ms]
2024-06-12 00:47:00.392 [info] > git config --get commit.template [11ms]
2024-06-12 00:47:00.398 [info] > git rev-parse --show-toplevel [3ms]
2024-06-12 00:47:00.401 [info] > git for-each-ref --format=%(refname)%00%(upstream:short)%00%(objectname)%00%(upstream:track)%00%(upstream:remotename)%00%(upstream:remoteref) refs/heads/main refs/remotes/main [3ms]
2024-06-12 00:47:00.416 [info] > git rev-parse --show-toplevel [14ms]
2024-06-12 00:47:00.423 [info] > git rev-parse --show-toplevel [5ms]
2024-06-12 00:47:00.427 [info] > git status -z -uall [5ms]
2024-06-12 00:47:00.442 [info] > git merge-base refs/heads/main refs/remotes/origin/main [9ms]
2024-06-12 00:47:00.446 [info] > git rev-parse --show-toplevel [20ms]
2024-06-12 00:47:00.460 [info] > git rev-list --count --left-right refs/heads/main...refs/remotes/origin/main [15ms]
2024-06-12 00:47:00.463 [info] > git config --get commit.template [21ms]
2024-06-12 00:47:00.464 [info] > git diff --name-status -z --diff-filter=ADMR 73d40a14d5738275071d82c9ec55eba20f9f814a...refs/remotes/origin/main [2ms]
2024-06-12 00:47:00.464 [info] > git rev-parse --show-toplevel [7ms]
2024-06-12 00:47:00.470 [info] > git for-each-ref --format=%(refname)%00%(upstream:short)%00%(objectname)%00%(upstream:track)%00%(upstream:remotename)%00%(upstream:remoteref) refs/heads/main refs/remotes/main [3ms]
2024-06-12 00:47:00.473 [info] > git rev-parse --show-toplevel [3ms]
2024-06-12 00:47:00.476 [info] > git status -z -uall [3ms]
2024-06-12 00:47:00.478 [info] > git rev-parse --show-toplevel [2ms]
2024-06-12 00:47:00.481 [info] > git rev-parse --show-toplevel [1ms]
2024-06-12 00:47:00.485 [info] > git rev-parse --show-toplevel [1ms]
2024-06-12 00:47:00.899 [info] > git check-ignore -v -z --stdin [1ms]
2024-06-12 00:47:02.461 [info] > git config --get commit.template [2ms]
2024-06-12 00:47:02.462 [info] > git for-each-ref --format=%(refname)%00%(upstream:short)%00%(objectname)%00%(upstream:track)%00%(upstream:remotename)%00%(upstream:remoteref) refs/heads/main refs/remotes/main [1ms]
2024-06-12 00:47:02.468 [info] > git status -z -uall [3ms]
2024-06-12 00:48:12.888 [info] > git config --get commit.template [8ms]
2024-06-12 00:48:12.891 [info] > git for-each-ref --format=%(refname)%00%(upstream:short)%00%(objectname)%00%(upstream:track)%00%(upstream:remotename)%00%(upstream:remoteref) refs/heads/main refs/remotes/main [4ms]
2024-06-12 00:48:12.904 [info] > git status -z -uall [5ms]
2024-06-12 00:48:19.130 [info] > git config --get commit.template [4ms]
2024-06-12 00:48:19.139 [info] > git for-each-ref --format=%(refname)%00%(upstream:short)%00%(objectname)%00%(upstream:track)%00%(upstream:remotename)%00%(upstream:remoteref) refs/heads/main refs/remotes/main [1ms]
2024-06-12 00:48:19.147 [info] > git status -z -uall [1ms]
2024-06-12 00:48:24.170 [info] > git config --get commit.template [4ms]
2024-06-12 00:48:24.171 [info] > git for-each-ref --format=%(refname)%00%(upstream:short)%00%(objectname)%00%(upstream:track)%00%(upstream:remotename)%00%(upstream:remoteref) refs/heads/main refs/remotes/main [1ms]
2024-06-12 00:48:24.187 [info] > git status -z -uall [4ms]
2024-06-12 00:48:35.467 [info] > git check-ignore -v -z --stdin [2ms]
2024-06-12 00:48:37.173 [info] > git ls-files --stage -- /home/sai/django-project/NewsPortal/news/models.py [1ms]
2024-06-12 00:48:37.177 [info] > git show --textconv :news/models.py [7ms]
2024-06-12 00:48:37.177 [info] > git cat-file -s eae465e55b0fa0d21b3fd85ad3876412a2216843 [2ms]
2024-06-12 00:48:43.530 [info] > git config --get commit.template [4ms]
2024-06-12 00:48:43.557 [info] > git for-each-ref --format=%(refname)%00%(upstream:short)%00%(objectname)%00%(upstream:track)%00%(upstream:remotename)%00%(upstream:remoteref) refs/heads/main refs/remotes/main [0ms]
2024-06-12 00:48:43.564 [info] > git status -z -uall [4ms]
2024-06-12 00:50:16.903 [info] > git config --get commit.template [3ms]
2024-06-12 00:50:16.912 [info] > git for-each-ref --format=%(refname)%00%(upstream:short)%00%(objectname)%00%(upstream:track)%00%(upstream:remotename)%00%(upstream:remoteref) refs/heads/main refs/remotes/main [2ms]
2024-06-12 00:50:16.927 [info] > git status -z -uall [7ms]
2024-06-12 00:55:52.386 [info] > git config --get commit.template [4ms]
2024-06-12 00:55:52.395 [info] > git for-each-ref --format=%(refname)%00%(upstream:short)%00%(objectname)%00%(upstream:track)%00%(upstream:remotename)%00%(upstream:remoteref) refs/heads/main refs/remotes/main [4ms]
2024-06-12 00:55:52.409 [info] > git status -z -uall [9ms]
2024-06-12 00:55:57.426 [info] > git config --get commit.template [3ms]
2024-06-12 00:55:57.435 [info] > git for-each-ref --format=%(refname)%00%(upstream:short)%00%(objectname)%00%(upstream:track)%00%(upstream:remotename)%00%(upstream:remoteref) refs/heads/main refs/remotes/main [1ms]
2024-06-12 00:55:57.447 [info] > git status -z -uall [2ms]
2024-06-12 00:57:18.627 [info] > git ls-files --stage -- /home/sai/django-project/NewsPortal/news/views.py [1ms]
2024-06-12 00:57:18.629 [info] > git show --textconv :news/views.py [6ms]
2024-06-12 00:57:18.629 [info] > git cat-file -s fe5803f2fafa2077ea64e427f8947a1111f4b119 [0ms]
2024-06-12 00:58:36.116 [info] > git config --get commit.template [4ms]
2024-06-12 00:58:36.117 [info] > git for-each-ref --format=%(refname)%00%(upstream:short)%00%(objectname)%00%(upstream:track)%00%(upstream:remotename)%00%(upstream:remoteref) refs/heads/main refs/remotes/main [1ms]
2024-06-12 00:58:36.125 [info] > git status -z -uall [5ms]
2024-06-12 00:58:41.139 [info] > git config --get commit.template [1ms]
2024-06-12 00:58:41.149 [info] > git for-each-ref --format=%(refname)%00%(upstream:short)%00%(objectname)%00%(upstream:track)%00%(upstream:remotename)%00%(upstream:remoteref) refs/heads/main refs/remotes/main [2ms]
2024-06-12 00:58:41.162 [info] > git status -z -uall [5ms]
2024-06-12 00:58:46.180 [info] > git config --get commit.template [1ms]
2024-06-12 00:58:46.187 [info] > git for-each-ref --format=%(refname)%00%(upstream:short)%00%(objectname)%00%(upstream:track)%00%(upstream:remotename)%00%(upstream:remoteref) refs/heads/main refs/remotes/main [1ms]
2024-06-12 00:58:46.199 [info] > git status -z -uall [4ms]
2024-06-12 00:59:18.032 [info] > git check-ignore -v -z --stdin [5ms]
2024-06-12 00:59:19.065 [info] > git show --textconv :locale/ru/LC_MESSAGES/django.po [14ms]
2024-06-12 00:59:19.066 [info] > git ls-files --stage -- /home/sai/django-project/NewsPortal/locale/ru/LC_MESSAGES/django.po [1ms]
2024-06-12 00:59:19.307 [info] > git check-ignore -v -z --stdin [1ms]
2024-06-12 00:59:27.534 [info] > git show --textconv :news/models.py [5ms]
2024-06-12 00:59:27.535 [info] > git ls-files --stage -- /home/sai/django-project/NewsPortal/news/models.py [2ms]
2024-06-12 00:59:27.539 [info] > git cat-file -s eae465e55b0fa0d21b3fd85ad3876412a2216843 [0ms]
2024-06-12 00:59:32.915 [info] > git show --textconv :news/views.py [4ms]
2024-06-12 00:59:32.916 [info] > git ls-files --stage -- /home/sai/django-project/NewsPortal/news/views.py [1ms]
2024-06-12 00:59:32.921 [info] > git cat-file -s fe5803f2fafa2077ea64e427f8947a1111f4b119 [1ms]
2024-06-12 00:59:34.739 [info] > git show --textconv :locale/ru/LC_MESSAGES/django.po [4ms]
2024-06-12 00:59:34.739 [info] > git ls-files --stage -- /home/sai/django-project/NewsPortal/locale/ru/LC_MESSAGES/django.po [1ms]
2024-06-12 01:01:35.885 [info] > git config --get commit.template [10ms]
2024-06-12 01:01:35.887 [info] > git for-each-ref --format=%(refname)%00%(upstream:short)%00%(objectname)%00%(upstream:track)%00%(upstream:remotename)%00%(upstream:remoteref) refs/heads/main refs/remotes/main [3ms]
2024-06-12 01:01:35.903 [info] > git status -z -uall [11ms]
2024-06-12 01:04:07.430 [info] > git config --get commit.template [6ms]
2024-06-12 01:04:07.433 [info] > git for-each-ref --format=%(refname)%00%(upstream:short)%00%(objectname)%00%(upstream:track)%00%(upstream:remotename)%00%(upstream:remoteref) refs/heads/main refs/remotes/main [8ms]
2024-06-12 01:04:07.447 [info] > git status -z -uall [10ms]
2024-06-12 01:04:15.730 [info] > git show --textconv :news/models.py [8ms]
2024-06-12 01:04:15.731 [info] > git ls-files --stage -- /home/sai/django-project/NewsPortal/news/models.py [3ms]
2024-06-12 01:04:15.734 [info] > git cat-file -s eae465e55b0fa0d21b3fd85ad3876412a2216843 [0ms]
2024-06-12 01:04:17.393 [info] > git show --textconv :news/urls.py [3ms]
2024-06-12 01:04:17.394 [info] > git ls-files --stage -- /home/sai/django-project/NewsPortal/news/urls.py [1ms]
2024-06-12 01:04:17.401 [info] > git cat-file -s 8ae605adb23a7a1d45fe6bd080b8f039e4626214 [1ms]
2024-06-12 01:04:22.089 [info] > git config --get commit.template [2ms]
2024-06-12 01:04:22.097 [info] > git for-each-ref --format=%(refname)%00%(upstream:short)%00%(objectname)%00%(upstream:track)%00%(upstream:remotename)%00%(upstream:remoteref) refs/heads/main refs/remotes/main [2ms]
2024-06-12 01:04:22.105 [info] > git status -z -uall [5ms]
2024-06-12 01:04:27.127 [info] > git config --get commit.template [6ms]
2024-06-12 01:04:27.128 [info] > git for-each-ref --format=%(refname)%00%(upstream:short)%00%(objectname)%00%(upstream:track)%00%(upstream:remotename)%00%(upstream:remoteref) refs/heads/main refs/remotes/main [1ms]
2024-06-12 01:04:27.136 [info] > git status -z -uall [5ms]
2024-06-12 01:10:22.003 [info] > git check-ignore -v -z --stdin [5ms]
2024-06-12 01:10:23.627 [info] > git check-ignore -v -z --stdin [1ms]
2024-06-12 01:10:26.571 [info] > git check-ignore -v -z --stdin [1ms]
2024-06-12 01:10:43.105 [info] > git ls-files --stage -- /home/sai/django-project/NewsPortal/templates/news.html [1ms]
2024-06-12 01:10:43.109 [info] > git show --textconv :templates/news.html [9ms]
2024-06-12 01:10:43.110 [info] > git cat-file -s 4c09cfb69d9bf72ab27c1c3ee47763f00032685d [1ms]
2024-06-12 01:11:10.563 [info] > git config --get commit.template [6ms]
2024-06-12 01:11:10.565 [info] > git for-each-ref --format=%(refname)%00%(upstream:short)%00%(objectname)%00%(upstream:track)%00%(upstream:remotename)%00%(upstream:remoteref) refs/heads/main refs/remotes/main [3ms]
2024-06-12 01:11:10.576 [info] > git status -z -uall [7ms]
2024-06-12 01:11:25.009 [info] > git config --get commit.template [6ms]
2024-06-12 01:11:25.010 [info] > git for-each-ref --format=%(refname)%00%(upstream:short)%00%(objectname)%00%(upstream:track)%00%(upstream:remotename)%00%(upstream:remoteref) refs/heads/main refs/remotes/main [3ms]
2024-06-12 01:11:25.021 [info] > git status -z -uall [8ms]
2024-06-12 01:11:30.873 [info] > git config --get commit.template [3ms]
2024-06-12 01:11:30.874 [info] > git for-each-ref --format=%(refname)%00%(upstream:short)%00%(objectname)%00%(upstream:track)%00%(upstream:remotename)%00%(upstream:remoteref) refs/heads/main refs/remotes/main [1ms]
2024-06-12 01:11:30.886 [info] > git status -z -uall [7ms]
2024-06-12 01:11:50.946 [info] > git config --get commit.template [4ms]
2024-06-12 01:11:50.949 [info] > git for-each-ref --format=%(refname)%00%(upstream:short)%00%(objectname)%00%(upstream:track)%00%(upstream:remotename)%00%(upstream:remoteref) refs/heads/main refs/remotes/main [3ms]
2024-06-12 01:11:50.960 [info] > git status -z -uall [9ms]
2024-06-12 01:11:56.007 [info] > git config --get commit.template [8ms]
2024-06-12 01:11:56.008 [info] > git for-each-ref --format=%(refname)%00%(upstream:short)%00%(objectname)%00%(upstream:track)%00%(upstream:remotename)%00%(upstream:remoteref) refs/heads/main refs/remotes/main [6ms]
2024-06-12 01:11:56.021 [info] > git status -z -uall [8ms]
2024-06-12 01:12:05.315 [info] > git config --get commit.template [1ms]
2024-06-12 01:12:05.335 [info] > git for-each-ref --format=%(refname)%00%(upstream:short)%00%(objectname)%00%(upstream:track)%00%(upstream:remotename)%00%(upstream:remoteref) refs/heads/main refs/remotes/main [5ms]
2024-06-12 01:12:05.351 [info] > git status -z -uall [9ms]
2024-06-12 01:12:10.370 [info] > git config --get commit.template [1ms]
2024-06-12 01:12:10.379 [info] > git for-each-ref --format=%(refname)%00%(upstream:short)%00%(objectname)%00%(upstream:track)%00%(upstream:remotename)%00%(upstream:remoteref) refs/heads/main refs/remotes/main [3ms]
2024-06-12 01:12:10.389 [info] > git status -z -uall [7ms]
2024-06-12 01:14:59.508 [info] > git show --textconv :templates/news_id.html [7ms]
2024-06-12 01:14:59.509 [info] > git ls-files --stage -- /home/sai/django-project/NewsPortal/templates/news_id.html [4ms]
2024-06-12 01:14:59.516 [info] > git cat-file -s 76f5013f81a7c18e9edf0692bb5921f184513bb5 [1ms]
2024-06-12 01:15:11.336 [info] > git config --get commit.template [6ms]
2024-06-12 01:15:11.337 [info] > git for-each-ref --format=%(refname)%00%(upstream:short)%00%(objectname)%00%(upstream:track)%00%(upstream:remotename)%00%(upstream:remoteref) refs/heads/main refs/remotes/main [2ms]
2024-06-12 01:15:11.348 [info] > git status -z -uall [8ms]
2024-06-12 01:15:48.386 [info] > git config --get commit.template [7ms]
2024-06-12 01:15:48.388 [info] > git for-each-ref --format=%(refname)%00%(upstream:short)%00%(objectname)%00%(upstream:track)%00%(upstream:remotename)%00%(upstream:remoteref) refs/heads/main refs/remotes/main [4ms]
2024-06-12 01:15:48.399 [info] > git status -z -uall [8ms]
2024-06-12 01:15:54.551 [info] > git config --get commit.template [6ms]
2024-06-12 01:15:54.552 [info] > git for-each-ref --format=%(refname)%00%(upstream:short)%00%(objectname)%00%(upstream:track)%00%(upstream:remotename)%00%(upstream:remoteref) refs/heads/main refs/remotes/main [2ms]
2024-06-12 01:15:54.565 [info] > git status -z -uall [5ms]
2024-06-12 01:16:17.360 [info] > git config --get commit.template [5ms]
2024-06-12 01:16:17.361 [info] > git for-each-ref --format=%(refname)%00%(upstream:short)%00%(objectname)%00%(upstream:track)%00%(upstream:remotename)%00%(upstream:remoteref) refs/heads/main refs/remotes/main [2ms]
2024-06-12 01:16:17.381 [info] > git status -z -uall [11ms]
2024-06-12 01:23:12.052 [info] > git show --textconv :locale/ru/LC_MESSAGES/django.po [6ms]
2024-06-12 01:23:12.054 [info] > git ls-files --stage -- /home/sai/django-project/NewsPortal/locale/ru/LC_MESSAGES/django.po [3ms]
2024-06-12 01:25:17.186 [info] > git config --get commit.template [3ms]
2024-06-12 01:25:17.192 [info] > git for-each-ref --format=%(refname)%00%(upstream:short)%00%(objectname)%00%(upstream:track)%00%(upstream:remotename)%00%(upstream:remoteref) refs/heads/main refs/remotes/main [3ms]
2024-06-12 01:25:17.197 [info] > git status -z -uall [2ms]
2024-06-12 01:25:20.650 [info] > git show --textconv :locale/ru/LC_MESSAGES/django.mo [4ms]
2024-06-12 01:25:20.651 [info] > git ls-files --stage -- /home/sai/django-project/NewsPortal/locale/ru/LC_MESSAGES/django.mo [1ms]
2024-06-12 01:25:22.210 [info] > git config --get commit.template [1ms]
2024-06-12 01:25:22.218 [info] > git for-each-ref --format=%(refname)%00%(upstream:short)%00%(objectname)%00%(upstream:track)%00%(upstream:remotename)%00%(upstream:remoteref) refs/heads/main refs/remotes/main [1ms]
2024-06-12 01:25:22.225 [info] > git status -z -uall [1ms]
2024-06-12 01:25:43.710 [info] > git show --textconv :locale/ru/LC_MESSAGES/django.po [5ms]
2024-06-12 01:25:43.712 [info] > git ls-files --stage -- /home/sai/django-project/NewsPortal/locale/ru/LC_MESSAGES/django.po [2ms]
2024-06-12 01:34:48.912 [info] > git for-each-ref --format=%(refname)%00%(upstream:short)%00%(objectname)%00%(upstream:track)%00%(upstream:remotename)%00%(upstream:remoteref) refs/heads/main refs/remotes/main [2ms]
2024-06-12 01:34:48.913 [info] > git config --get commit.template [11ms]
2024-06-12 01:34:48.929 [info] > git status -z -uall [13ms]
