2024-06-12 09:26:22.700 [info] Уровень ведения журнала: Info
2024-06-12 09:26:22.700 [info] Проверка найденного Git в: "git"
2024-06-12 09:26:22.700 [info] Используется Git "2.45.1" из "git"
2024-06-12 09:26:22.700 [info] > git rev-parse --show-toplevel [3ms]
2024-06-12 09:26:22.701 [info] > git rev-parse --git-dir --git-common-dir [1ms]
2024-06-12 09:26:22.705 [info] Open repository: /home/sai/django-project/NewsPortal
2024-06-12 09:26:22.710 [info] > git config --get commit.template [2ms]
2024-06-12 09:26:22.711 [info] > git rev-parse --show-toplevel [2ms]
2024-06-12 09:26:22.720 [info] > git for-each-ref --format=%(refname)%00%(upstream:short)%00%(objectname)%00%(upstream:track)%00%(upstream:remotename)%00%(upstream:remoteref) refs/heads/main refs/remotes/main [5ms]
2024-06-12 09:26:22.720 [info] > git rev-parse --show-toplevel [1ms]
2024-06-12 09:26:22.727 [info] > git rev-parse --show-toplevel [4ms]
2024-06-12 09:26:22.729 [info] > git status -z -uall [3ms]
2024-06-12 09:26:22.739 [info] > git merge-base refs/heads/main refs/remotes/origin/main [7ms]
2024-06-12 09:26:22.742 [info] > git rev-parse --show-toplevel [13ms]
2024-06-12 09:26:22.746 [info] > git config --get commit.template [7ms]
2024-06-12 09:26:22.747 [info] > git rev-parse --show-toplevel [2ms]
2024-06-12 09:26:22.747 [info] > git rev-list --count --left-right refs/heads/main...refs/remotes/origin/main [5ms]
2024-06-12 09:26:22.755 [info] > git for-each-ref --format=%(refname)%00%(upstream:short)%00%(objectname)%00%(upstream:track)%00%(upstream:remotename)%00%(upstream:remoteref) refs/heads/main refs/remotes/main [3ms]
2024-06-12 09:26:22.755 [info] > git diff --name-status -z --diff-filter=ADMR 73d40a14d5738275071d82c9ec55eba20f9f814a...refs/remotes/origin/main [6ms]
2024-06-12 09:26:22.756 [info] > git rev-parse --show-toplevel [1ms]
2024-06-12 09:26:22.760 [info] > git rev-parse --show-toplevel [0ms]
2024-06-12 09:26:22.767 [info] > git status -z -uall [4ms]
2024-06-12 09:26:22.768 [info] > git rev-parse --show-toplevel [2ms]
2024-06-12 09:26:22.780 [info] > git rev-parse --show-toplevel [9ms]
2024-06-12 09:26:22.783 [info] > git rev-parse --show-toplevel [1ms]
2024-06-12 09:26:22.786 [info] > git rev-parse --show-toplevel [0ms]
2024-06-12 09:26:23.034 [info] > git show --textconv :locale/ru/LC_MESSAGES/django.po [4ms]
2024-06-12 09:26:23.035 [info] > git ls-files --stage -- /home/sai/django-project/NewsPortal/locale/ru/LC_MESSAGES/django.po [1ms]
2024-06-12 09:26:23.218 [info] > git check-ignore -v -z --stdin [0ms]
2024-06-12 09:26:23.885 [info] > git config --get commit.template [9ms]
2024-06-12 09:26:23.885 [info] > git for-each-ref --format=%(refname)%00%(upstream:short)%00%(objectname)%00%(upstream:track)%00%(upstream:remotename)%00%(upstream:remoteref) refs/heads/main refs/remotes/main [2ms]
2024-06-12 09:26:23.890 [info] > git status -z -uall [1ms]
2024-06-12 09:26:23.978 [info] > git ls-files --stage -- /home/sai/django-project/NewsPortal/locale/ru/LC_MESSAGES/django.po [0ms]
2024-06-12 09:26:23.982 [info] > git show --textconv :locale/ru/LC_MESSAGES/django.po [0ms]
2024-06-12 09:26:26.465 [info] > git ls-files --stage -- /home/sai/django-project/NewsPortal/locale/ru/LC_MESSAGES/django.po [0ms]
2024-06-12 09:26:26.475 [info] > git show --textconv :locale/ru/LC_MESSAGES/django.po [1ms]
2024-06-12 09:26:28.903 [info] > git config --get commit.template [1ms]
2024-06-12 09:26:28.911 [info] > git for-each-ref --format=%(refname)%00%(upstream:short)%00%(objectname)%00%(upstream:track)%00%(upstream:remotename)%00%(upstream:remoteref) refs/heads/main refs/remotes/main [1ms]
2024-06-12 09:26:28.922 [info] > git status -z -uall [5ms]
2024-06-12 09:26:33.840 [info] > git show --textconv :templates/news_id.html [6ms]
2024-06-12 09:26:33.841 [info] > git ls-files --stage -- /home/sai/django-project/NewsPortal/templates/news_id.html [3ms]
2024-06-12 09:26:33.845 [info] > git cat-file -s 76f5013f81a7c18e9edf0692bb5921f184513bb5 [1ms]
2024-06-12 09:26:34.798 [info] > git show --textconv :news/urls.py [4ms]
2024-06-12 09:26:34.799 [info] > git ls-files --stage -- /home/sai/django-project/NewsPortal/news/urls.py [1ms]
2024-06-12 09:26:34.804 [info] > git cat-file -s 8ae605adb23a7a1d45fe6bd080b8f039e4626214 [1ms]
2024-06-12 09:26:38.282 [info] > git show --textconv :news/models.py [5ms]
2024-06-12 09:26:38.283 [info] > git ls-files --stage -- /home/sai/django-project/NewsPortal/news/models.py [1ms]
2024-06-12 09:26:38.286 [info] > git cat-file -s eae465e55b0fa0d21b3fd85ad3876412a2216843 [0ms]
2024-06-12 09:26:39.501 [info] > git show --textconv :news/views.py [5ms]
2024-06-12 09:26:39.502 [info] > git ls-files --stage -- /home/sai/django-project/NewsPortal/news/views.py [2ms]
2024-06-12 09:26:39.506 [info] > git cat-file -s fe5803f2fafa2077ea64e427f8947a1111f4b119 [1ms]
2024-06-12 09:26:41.307 [info] > git show --textconv :news/models.py [7ms]
2024-06-12 09:26:41.308 [info] > git ls-files --stage -- /home/sai/django-project/NewsPortal/news/models.py [1ms]
2024-06-12 09:26:41.313 [info] > git cat-file -s eae465e55b0fa0d21b3fd85ad3876412a2216843 [1ms]
2024-06-12 09:26:42.015 [info] > git show --textconv :news/urls.py [1ms]
2024-06-12 09:26:42.024 [info] > git ls-files --stage -- /home/sai/django-project/NewsPortal/news/urls.py [1ms]
2024-06-12 09:26:42.028 [info] > git cat-file -s 8ae605adb23a7a1d45fe6bd080b8f039e4626214 [1ms]
2024-06-12 09:26:43.069 [info] > git show --textconv :news/models.py [8ms]
2024-06-12 09:26:43.069 [info] > git ls-files --stage -- /home/sai/django-project/NewsPortal/news/models.py [2ms]
2024-06-12 09:26:43.082 [info] > git cat-file -s eae465e55b0fa0d21b3fd85ad3876412a2216843 [2ms]
2024-06-12 09:26:44.083 [info] > git show --textconv :templates/news.html [6ms]
2024-06-12 09:26:44.084 [info] > git ls-files --stage -- /home/sai/django-project/NewsPortal/templates/news.html [1ms]
2024-06-12 09:26:44.088 [info] > git cat-file -s 4c09cfb69d9bf72ab27c1c3ee47763f00032685d [1ms]
2024-06-12 09:26:47.880 [info] > git show --textconv :news/models.py [10ms]
2024-06-12 09:26:47.880 [info] > git ls-files --stage -- /home/sai/django-project/NewsPortal/news/models.py [0ms]
2024-06-12 09:26:47.885 [info] > git cat-file -s eae465e55b0fa0d21b3fd85ad3876412a2216843 [1ms]
2024-06-12 09:26:48.801 [info] > git show --textconv :locale/ru/LC_MESSAGES/django.po [8ms]
2024-06-12 09:26:48.801 [info] > git ls-files --stage -- /home/sai/django-project/NewsPortal/locale/ru/LC_MESSAGES/django.po [1ms]
2024-06-12 09:26:50.581 [info] > git check-ignore -v -z --stdin [1ms]
2024-06-12 09:27:00.342 [info] > git check-ignore -v -z --stdin [1ms]
2024-06-12 09:27:01.360 [info] > git show --textconv :project/settings.py [5ms]
2024-06-12 09:27:01.361 [info] > git ls-files --stage -- /home/sai/django-project/NewsPortal/project/settings.py [2ms]
2024-06-12 09:27:01.367 [info] > git cat-file -s 0ef202a666316106fdddf5b508c579c713c6c0be [2ms]
2024-06-12 09:32:00.185 [info] > git config --get commit.template [7ms]
2024-06-12 09:32:00.186 [info] > git for-each-ref --format=%(refname)%00%(upstream:short)%00%(objectname)%00%(upstream:track)%00%(upstream:remotename)%00%(upstream:remoteref) refs/heads/main refs/remotes/main [4ms]
2024-06-12 09:32:00.197 [info] > git status -z -uall [2ms]
2024-06-12 09:35:02.022 [info] > git config --get commit.template [5ms]
2024-06-12 09:35:02.031 [info] > git for-each-ref --format=%(refname)%00%(upstream:short)%00%(objectname)%00%(upstream:track)%00%(upstream:remotename)%00%(upstream:remoteref) refs/heads/main refs/remotes/main [2ms]
2024-06-12 09:35:02.044 [info] > git status -z -uall [5ms]
2024-06-12 09:35:30.242 [info] > git config --get commit.template [3ms]
2024-06-12 09:35:30.249 [info] > git for-each-ref --format=%(refname)%00%(upstream:short)%00%(objectname)%00%(upstream:track)%00%(upstream:remotename)%00%(upstream:remoteref) refs/heads/main refs/remotes/main [1ms]
2024-06-12 09:35:30.260 [info] > git status -z -uall [3ms]
2024-06-12 09:35:31.354 [info] > git ls-files --stage -- /home/sai/django-project/NewsPortal/project/settings.py [2ms]
2024-06-12 09:35:31.361 [info] > git cat-file -s 0ef202a666316106fdddf5b508c579c713c6c0be [0ms]
2024-06-12 09:35:31.371 [info] > git show --textconv :project/settings.py [1ms]
2024-06-12 09:35:39.187 [info] > git config --get commit.template [1ms]
2024-06-12 09:35:39.190 [info] > git for-each-ref --format=%(refname)%00%(upstream:short)%00%(objectname)%00%(upstream:track)%00%(upstream:remotename)%00%(upstream:remoteref) refs/heads/main refs/remotes/main [0ms]
2024-06-12 09:35:39.195 [info] > git status -z -uall [2ms]
2024-06-12 09:36:10.392 [info] > git config --get commit.template [1ms]
2024-06-12 09:36:10.401 [info] > git for-each-ref --format=%(refname)%00%(upstream:short)%00%(objectname)%00%(upstream:track)%00%(upstream:remotename)%00%(upstream:remoteref) refs/heads/main refs/remotes/main [1ms]
2024-06-12 09:36:10.413 [info] > git status -z -uall [3ms]
2024-06-12 09:36:15.435 [info] > git config --get commit.template [5ms]
2024-06-12 09:36:15.437 [info] > git for-each-ref --format=%(refname)%00%(upstream:short)%00%(objectname)%00%(upstream:track)%00%(upstream:remotename)%00%(upstream:remoteref) refs/heads/main refs/remotes/main [1ms]
2024-06-12 09:36:15.449 [info] > git status -z -uall [2ms]
2024-06-12 09:36:35.305 [info] > git config --get commit.template [1ms]
2024-06-12 09:36:35.313 [info] > git for-each-ref --format=%(refname)%00%(upstream:short)%00%(objectname)%00%(upstream:track)%00%(upstream:remotename)%00%(upstream:remoteref) refs/heads/main refs/remotes/main [4ms]
2024-06-12 09:36:35.327 [info] > git status -z -uall [4ms]
2024-06-12 09:36:40.345 [info] > git config --get commit.template [2ms]
2024-06-12 09:36:40.357 [info] > git for-each-ref --format=%(refname)%00%(upstream:short)%00%(objectname)%00%(upstream:track)%00%(upstream:remotename)%00%(upstream:remoteref) refs/heads/main refs/remotes/main [2ms]
2024-06-12 09:36:40.368 [info] > git status -z -uall [2ms]
2024-06-12 09:36:45.382 [info] > git config --get commit.template [3ms]
2024-06-12 09:36:45.392 [info] > git for-each-ref --format=%(refname)%00%(upstream:short)%00%(objectname)%00%(upstream:track)%00%(upstream:remotename)%00%(upstream:remoteref) refs/heads/main refs/remotes/main [3ms]
2024-06-12 09:36:45.402 [info] > git status -z -uall [1ms]
2024-06-12 09:37:08.546 [info] > git config --get commit.template [1ms]
2024-06-12 09:37:08.556 [info] > git for-each-ref --format=%(refname)%00%(upstream:short)%00%(objectname)%00%(upstream:track)%00%(upstream:remotename)%00%(upstream:remoteref) refs/heads/main refs/remotes/main [2ms]
2024-06-12 09:37:08.562 [info] > git status -z -uall [2ms]
2024-06-12 09:37:13.577 [info] > git config --get commit.template [1ms]
2024-06-12 09:37:13.586 [info] > git for-each-ref --format=%(refname)%00%(upstream:short)%00%(objectname)%00%(upstream:track)%00%(upstream:remotename)%00%(upstream:remoteref) refs/heads/main refs/remotes/main [2ms]
2024-06-12 09:37:13.598 [info] > git status -z -uall [1ms]
2024-06-12 09:41:02.127 [info] > git for-each-ref --format=%(refname)%00%(upstream:short)%00%(objectname)%00%(upstream:track)%00%(upstream:remotename)%00%(upstream:remoteref) refs/heads/main refs/remotes/main [2ms]
2024-06-12 09:41:02.127 [info] > git config --get commit.template [5ms]
2024-06-12 09:41:02.137 [info] > git status -z -uall [4ms]
2024-06-12 09:41:07.147 [info] > git config --get commit.template [1ms]
2024-06-12 09:41:07.157 [info] > git for-each-ref --format=%(refname)%00%(upstream:short)%00%(objectname)%00%(upstream:track)%00%(upstream:remotename)%00%(upstream:remoteref) refs/heads/main refs/remotes/main [1ms]
2024-06-12 09:41:07.161 [info] > git status -z -uall [1ms]
2024-06-12 09:41:16.860 [info] > git config --get commit.template [6ms]
2024-06-12 09:41:16.860 [info] > git for-each-ref --format=%(refname)%00%(upstream:short)%00%(objectname)%00%(upstream:track)%00%(upstream:remotename)%00%(upstream:remoteref) refs/heads/main refs/remotes/main [1ms]
2024-06-12 09:41:16.866 [info] > git status -z -uall [2ms]
2024-06-12 09:41:21.891 [info] > git config --get commit.template [2ms]
2024-06-12 09:41:21.898 [info] > git for-each-ref --format=%(refname)%00%(upstream:short)%00%(objectname)%00%(upstream:track)%00%(upstream:remotename)%00%(upstream:remoteref) refs/heads/main refs/remotes/main [1ms]
2024-06-12 09:41:21.907 [info] > git status -z -uall [3ms]
2024-06-12 09:41:37.835 [info] > git config --get commit.template [1ms]
2024-06-12 09:41:37.839 [info] > git for-each-ref --format=%(refname)%00%(upstream:short)%00%(objectname)%00%(upstream:track)%00%(upstream:remotename)%00%(upstream:remoteref) refs/heads/main refs/remotes/main [1ms]
2024-06-12 09:41:37.845 [info] > git status -z -uall [2ms]
2024-06-12 09:41:43.070 [info] > git config --get commit.template [4ms]
2024-06-12 09:41:43.078 [info] > git for-each-ref --format=%(refname)%00%(upstream:short)%00%(objectname)%00%(upstream:track)%00%(upstream:remotename)%00%(upstream:remoteref) refs/heads/main refs/remotes/main [2ms]
2024-06-12 09:41:43.084 [info] > git status -z -uall [2ms]
2024-06-12 09:44:28.177 [info] > git config --get commit.template [4ms]
2024-06-12 09:44:28.177 [info] > git for-each-ref --format=%(refname)%00%(upstream:short)%00%(objectname)%00%(upstream:track)%00%(upstream:remotename)%00%(upstream:remoteref) refs/heads/main refs/remotes/main [1ms]
2024-06-12 09:44:28.181 [info] > git status -z -uall [1ms]
2024-06-12 09:44:40.709 [info] > git for-each-ref --format=%(refname)%00%(upstream:short)%00%(objectname)%00%(upstream:track)%00%(upstream:remotename)%00%(upstream:remoteref) refs/heads/main refs/remotes/main [2ms]
2024-06-12 09:44:40.710 [info] > git config --get commit.template [11ms]
2024-06-12 09:44:40.719 [info] > git status -z -uall [2ms]
2024-06-12 09:44:45.734 [info] > git config --get commit.template [0ms]
2024-06-12 09:44:45.737 [info] > git for-each-ref --format=%(refname)%00%(upstream:short)%00%(objectname)%00%(upstream:track)%00%(upstream:remotename)%00%(upstream:remoteref) refs/heads/main refs/remotes/main [0ms]
2024-06-12 09:44:45.744 [info] > git status -z -uall [2ms]
2024-06-12 09:44:50.764 [info] > git config --get commit.template [2ms]
2024-06-12 09:44:50.772 [info] > git for-each-ref --format=%(refname)%00%(upstream:short)%00%(objectname)%00%(upstream:track)%00%(upstream:remotename)%00%(upstream:remoteref) refs/heads/main refs/remotes/main [2ms]
2024-06-12 09:44:50.781 [info] > git status -z -uall [2ms]
2024-06-12 09:44:55.794 [info] > git config --get commit.template [0ms]
2024-06-12 09:44:55.799 [info] > git for-each-ref --format=%(refname)%00%(upstream:short)%00%(objectname)%00%(upstream:track)%00%(upstream:remotename)%00%(upstream:remoteref) refs/heads/main refs/remotes/main [0ms]
2024-06-12 09:44:55.806 [info] > git status -z -uall [1ms]
2024-06-12 09:45:56.220 [info] > git config --get commit.template [3ms]
2024-06-12 09:45:56.227 [info] > git for-each-ref --format=%(refname)%00%(upstream:short)%00%(objectname)%00%(upstream:track)%00%(upstream:remotename)%00%(upstream:remoteref) refs/heads/main refs/remotes/main [1ms]
2024-06-12 09:45:56.235 [info] > git status -z -uall [2ms]
2024-06-12 09:49:01.877 [info] > git config --get commit.template [4ms]
2024-06-12 09:49:01.886 [info] > git for-each-ref --format=%(refname)%00%(upstream:short)%00%(objectname)%00%(upstream:track)%00%(upstream:remotename)%00%(upstream:remoteref) refs/heads/main refs/remotes/main [1ms]
2024-06-12 09:49:01.895 [info] > git status -z -uall [2ms]
2024-06-12 09:49:06.906 [info] > git config --get commit.template [1ms]
2024-06-12 09:49:06.911 [info] > git for-each-ref --format=%(refname)%00%(upstream:short)%00%(objectname)%00%(upstream:track)%00%(upstream:remotename)%00%(upstream:remoteref) refs/heads/main refs/remotes/main [1ms]
2024-06-12 09:49:06.923 [info] > git status -z -uall [3ms]
2024-06-12 09:49:58.531 [info] > git config --get commit.template [2ms]
2024-06-12 09:49:58.538 [info] > git for-each-ref --format=%(refname)%00%(upstream:short)%00%(objectname)%00%(upstream:track)%00%(upstream:remotename)%00%(upstream:remoteref) refs/heads/main refs/remotes/main [1ms]
2024-06-12 09:49:58.548 [info] > git status -z -uall [1ms]
2024-06-12 09:50:05.097 [info] > git config --get commit.template [3ms]
2024-06-12 09:50:05.107 [info] > git for-each-ref --format=%(refname)%00%(upstream:short)%00%(objectname)%00%(upstream:track)%00%(upstream:remotename)%00%(upstream:remoteref) refs/heads/main refs/remotes/main [2ms]
2024-06-12 09:50:05.116 [info] > git status -z -uall [1ms]
2024-06-12 09:50:10.124 [info] > git config --get commit.template [1ms]
2024-06-12 09:50:10.127 [info] > git for-each-ref --format=%(refname)%00%(upstream:short)%00%(objectname)%00%(upstream:track)%00%(upstream:remotename)%00%(upstream:remoteref) refs/heads/main refs/remotes/main [0ms]
2024-06-12 09:50:10.133 [info] > git status -z -uall [2ms]
2024-06-12 09:50:15.145 [info] > git config --get commit.template [3ms]
2024-06-12 09:50:15.153 [info] > git for-each-ref --format=%(refname)%00%(upstream:short)%00%(objectname)%00%(upstream:track)%00%(upstream:remotename)%00%(upstream:remoteref) refs/heads/main refs/remotes/main [1ms]
2024-06-12 09:50:15.157 [info] > git status -z -uall [1ms]
2024-06-12 09:52:23.764 [info] > git config --get commit.template [0ms]
2024-06-12 09:52:23.768 [info] > git for-each-ref --format=%(refname)%00%(upstream:short)%00%(objectname)%00%(upstream:track)%00%(upstream:remotename)%00%(upstream:remoteref) refs/heads/main refs/remotes/main [0ms]
2024-06-12 09:52:23.772 [info] > git status -z -uall [2ms]
2024-06-12 09:53:18.599 [info] > git config --get commit.template [1ms]
2024-06-12 09:53:18.603 [info] > git for-each-ref --format=%(refname)%00%(upstream:short)%00%(objectname)%00%(upstream:track)%00%(upstream:remotename)%00%(upstream:remoteref) refs/heads/main refs/remotes/main [1ms]
2024-06-12 09:53:18.609 [info] > git status -z -uall [2ms]
2024-06-12 09:54:09.711 [info] > git config --get commit.template [1ms]
2024-06-12 09:54:09.720 [info] > git for-each-ref --format=%(refname)%00%(upstream:short)%00%(objectname)%00%(upstream:track)%00%(upstream:remotename)%00%(upstream:remoteref) refs/heads/main refs/remotes/main [2ms]
2024-06-12 09:54:09.729 [info] > git status -z -uall [1ms]
2024-06-12 09:54:52.955 [info] > git config --get commit.template [1ms]
2024-06-12 09:54:52.960 [info] > git for-each-ref --format=%(refname)%00%(upstream:short)%00%(objectname)%00%(upstream:track)%00%(upstream:remotename)%00%(upstream:remoteref) refs/heads/main refs/remotes/main [0ms]
2024-06-12 09:54:52.965 [info] > git status -z -uall [2ms]
2024-06-12 09:55:05.719 [info] > git config --get commit.template [1ms]
2024-06-12 09:55:05.726 [info] > git for-each-ref --format=%(refname)%00%(upstream:short)%00%(objectname)%00%(upstream:track)%00%(upstream:remotename)%00%(upstream:remoteref) refs/heads/main refs/remotes/main [0ms]
2024-06-12 09:55:05.732 [info] > git status -z -uall [1ms]
2024-06-12 09:56:12.457 [info] > git config --get commit.template [9ms]
2024-06-12 09:56:12.458 [info] > git for-each-ref --format=%(refname)%00%(upstream:short)%00%(objectname)%00%(upstream:track)%00%(upstream:remotename)%00%(upstream:remoteref) refs/heads/main refs/remotes/main [2ms]
2024-06-12 09:56:12.467 [info] > git status -z -uall [1ms]
2024-06-12 09:56:35.715 [info] > git config --get commit.template [2ms]
2024-06-12 09:56:35.727 [info] > git for-each-ref --format=%(refname)%00%(upstream:short)%00%(objectname)%00%(upstream:track)%00%(upstream:remotename)%00%(upstream:remoteref) refs/heads/main refs/remotes/main [4ms]
2024-06-12 09:56:35.737 [info] > git status -z -uall [2ms]
2024-06-12 09:56:40.760 [info] > git config --get commit.template [1ms]
2024-06-12 09:56:40.767 [info] > git for-each-ref --format=%(refname)%00%(upstream:short)%00%(objectname)%00%(upstream:track)%00%(upstream:remotename)%00%(upstream:remoteref) refs/heads/main refs/remotes/main [1ms]
2024-06-12 09:56:40.771 [info] > git status -z -uall [1ms]
2024-06-12 09:56:48.985 [info] > git config --get commit.template [2ms]
2024-06-12 09:56:48.993 [info] > git for-each-ref --format=%(refname)%00%(upstream:short)%00%(objectname)%00%(upstream:track)%00%(upstream:remotename)%00%(upstream:remoteref) refs/heads/main refs/remotes/main [1ms]
2024-06-12 09:56:49.002 [info] > git status -z -uall [3ms]
2024-06-12 09:57:09.626 [info] > git config --get commit.template [1ms]
2024-06-12 09:57:09.633 [info] > git for-each-ref --format=%(refname)%00%(upstream:short)%00%(objectname)%00%(upstream:track)%00%(upstream:remotename)%00%(upstream:remoteref) refs/heads/main refs/remotes/main [1ms]
2024-06-12 09:57:09.645 [info] > git status -z -uall [2ms]
2024-06-12 09:57:17.170 [info] > git config --get commit.template [1ms]
2024-06-12 09:57:17.179 [info] > git for-each-ref --format=%(refname)%00%(upstream:short)%00%(objectname)%00%(upstream:track)%00%(upstream:remotename)%00%(upstream:remoteref) refs/heads/main refs/remotes/main [1ms]
2024-06-12 09:57:17.188 [info] > git status -z -uall [2ms]
2024-06-12 09:57:28.481 [info] > git config --get commit.template [1ms]
2024-06-12 09:57:28.488 [info] > git for-each-ref --format=%(refname)%00%(upstream:short)%00%(objectname)%00%(upstream:track)%00%(upstream:remotename)%00%(upstream:remoteref) refs/heads/main refs/remotes/main [1ms]
2024-06-12 09:57:28.499 [info] > git status -z -uall [1ms]
2024-06-12 09:57:43.423 [info] > git config --get commit.template [2ms]
2024-06-12 09:57:43.433 [info] > git for-each-ref --format=%(refname)%00%(upstream:short)%00%(objectname)%00%(upstream:track)%00%(upstream:remotename)%00%(upstream:remoteref) refs/heads/main refs/remotes/main [0ms]
2024-06-12 09:57:43.439 [info] > git status -z -uall [1ms]
2024-06-12 09:57:53.849 [info] > git config --get commit.template [6ms]
2024-06-12 09:57:53.859 [info] > git for-each-ref --format=%(refname)%00%(upstream:short)%00%(objectname)%00%(upstream:track)%00%(upstream:remotename)%00%(upstream:remoteref) refs/heads/main refs/remotes/main [1ms]
2024-06-12 09:57:53.865 [info] > git status -z -uall [1ms]
2024-06-12 10:02:14.080 [info] > git config --get commit.template [1ms]
2024-06-12 10:02:14.091 [info] > git for-each-ref --format=%(refname)%00%(upstream:short)%00%(objectname)%00%(upstream:track)%00%(upstream:remotename)%00%(upstream:remoteref) refs/heads/main refs/remotes/main [3ms]
2024-06-12 10:02:14.100 [info] > git status -z -uall [3ms]
2024-06-12 10:41:21.242 [info] > git rev-parse --show-toplevel [5ms]
2024-06-12 10:41:21.242 [info] fatal: not a git repository (or any parent up to mount point /)
Stopping at filesystem boundary (GIT_DISCOVERY_ACROSS_FILESYSTEM not set).
2024-06-12 10:41:22.151 [info] > git show --textconv :project/settings.py [5ms]
2024-06-12 10:41:22.152 [info] > git ls-files --stage -- /home/sai/django-project/NewsPortal/project/settings.py [1ms]
2024-06-12 10:41:22.157 [info] > git cat-file -s 0ef202a666316106fdddf5b508c579c713c6c0be [1ms]
2024-06-12 15:24:54.610 [info] > git config --get commit.template [5ms]
2024-06-12 15:24:54.611 [info] > git for-each-ref --format=%(refname)%00%(upstream:short)%00%(objectname)%00%(upstream:track)%00%(upstream:remotename)%00%(upstream:remoteref) refs/heads/main refs/remotes/main [2ms]
2024-06-12 15:24:54.620 [info] > git status -z -uall [6ms]
2024-06-12 15:25:03.595 [info] > git config --get commit.template [2ms]
2024-06-12 15:25:03.600 [info] > git for-each-ref --format=%(refname)%00%(upstream:short)%00%(objectname)%00%(upstream:track)%00%(upstream:remotename)%00%(upstream:remoteref) refs/heads/main refs/remotes/main [1ms]
2024-06-12 15:25:03.615 [info] > git status -z -uall [6ms]
2024-06-12 15:25:59.746 [info] > git config --get commit.template [2ms]
2024-06-12 15:25:59.750 [info] > git for-each-ref --format=%(refname)%00%(upstream:short)%00%(objectname)%00%(upstream:track)%00%(upstream:remotename)%00%(upstream:remoteref) refs/heads/main refs/remotes/main [0ms]
2024-06-12 15:25:59.756 [info] > git status -z -uall [1ms]
2024-06-12 15:26:05.121 [info] > git config --get commit.template [1ms]
2024-06-12 15:26:05.126 [info] > git for-each-ref --format=%(refname)%00%(upstream:short)%00%(objectname)%00%(upstream:track)%00%(upstream:remotename)%00%(upstream:remoteref) refs/heads/main refs/remotes/main [1ms]
2024-06-12 15:26:05.134 [info] > git status -z -uall [1ms]
2024-06-12 15:26:28.702 [info] > git config --get commit.template [7ms]
2024-06-12 15:26:28.702 [info] > git for-each-ref --format=%(refname)%00%(upstream:short)%00%(objectname)%00%(upstream:track)%00%(upstream:remotename)%00%(upstream:remoteref) refs/heads/main refs/remotes/main [1ms]
2024-06-12 15:26:28.708 [info] > git status -z -uall [1ms]
2024-06-12 15:26:33.723 [info] > git config --get commit.template [2ms]
2024-06-12 15:26:33.732 [info] > git for-each-ref --format=%(refname)%00%(upstream:short)%00%(objectname)%00%(upstream:track)%00%(upstream:remotename)%00%(upstream:remoteref) refs/heads/main refs/remotes/main [1ms]
2024-06-12 15:26:33.746 [info] > git status -z -uall [7ms]
2024-06-12 15:26:34.588 [info] > git ls-files --stage -- /home/sai/django-project/NewsPortal/project/settings.py [1ms]
2024-06-12 15:26:34.596 [info] > git cat-file -s 0ef202a666316106fdddf5b508c579c713c6c0be [5ms]
2024-06-12 15:26:34.604 [info] > git show --textconv :project/settings.py [0ms]
2024-06-12 15:26:38.760 [info] > git config --get commit.template [1ms]
2024-06-12 15:26:38.767 [info] > git for-each-ref --format=%(refname)%00%(upstream:short)%00%(objectname)%00%(upstream:track)%00%(upstream:remotename)%00%(upstream:remoteref) refs/heads/main refs/remotes/main [1ms]
2024-06-12 15:26:38.775 [info] > git status -z -uall [1ms]
2024-06-12 15:26:54.634 [info] > git config --get commit.template [4ms]
2024-06-12 15:26:54.636 [info] > git for-each-ref --format=%(refname)%00%(upstream:short)%00%(objectname)%00%(upstream:track)%00%(upstream:remotename)%00%(upstream:remoteref) refs/heads/main refs/remotes/main [2ms]
2024-06-12 15:26:54.640 [info] > git status -z -uall [2ms]
2024-06-12 15:27:27.251 [info] > git config --get commit.template [6ms]
2024-06-12 15:27:27.252 [info] > git for-each-ref --format=%(refname)%00%(upstream:short)%00%(objectname)%00%(upstream:track)%00%(upstream:remotename)%00%(upstream:remoteref) refs/heads/main refs/remotes/main [2ms]
2024-06-12 15:27:27.257 [info] > git status -z -uall [2ms]
2024-06-12 15:27:32.286 [info] > git for-each-ref --format=%(refname)%00%(upstream:short)%00%(objectname)%00%(upstream:track)%00%(upstream:remotename)%00%(upstream:remoteref) refs/heads/main refs/remotes/main [4ms]
2024-06-12 15:27:32.287 [info] > git config --get commit.template [14ms]
2024-06-12 15:27:32.295 [info] > git status -z -uall [2ms]
2024-06-12 15:27:43.759 [info] > git config --get commit.template [3ms]
2024-06-12 15:27:43.768 [info] > git for-each-ref --format=%(refname)%00%(upstream:short)%00%(objectname)%00%(upstream:track)%00%(upstream:remotename)%00%(upstream:remoteref) refs/heads/main refs/remotes/main [2ms]
2024-06-12 15:27:43.774 [info] > git status -z -uall [1ms]
2024-06-12 15:27:49.012 [info] > git config --get commit.template [7ms]
2024-06-12 15:27:49.015 [info] > git for-each-ref --format=%(refname)%00%(upstream:short)%00%(objectname)%00%(upstream:track)%00%(upstream:remotename)%00%(upstream:remoteref) refs/heads/main refs/remotes/main [5ms]
2024-06-12 15:27:49.024 [info] > git status -z -uall [2ms]
2024-06-12 15:27:54.039 [info] > git config --get commit.template [1ms]
2024-06-12 15:27:54.046 [info] > git for-each-ref --format=%(refname)%00%(upstream:short)%00%(objectname)%00%(upstream:track)%00%(upstream:remotename)%00%(upstream:remoteref) refs/heads/main refs/remotes/main [1ms]
2024-06-12 15:27:54.055 [info] > git status -z -uall [4ms]
2024-06-12 15:28:14.954 [info] > git config --get commit.template [5ms]
2024-06-12 15:28:14.963 [info] > git for-each-ref --format=%(refname)%00%(upstream:short)%00%(objectname)%00%(upstream:track)%00%(upstream:remotename)%00%(upstream:remoteref) refs/heads/main refs/remotes/main [1ms]
2024-06-12 15:28:14.978 [info] > git status -z -uall [4ms]
2024-06-12 15:28:50.663 [info] > git config --get commit.template [1ms]
2024-06-12 15:28:50.666 [info] > git for-each-ref --format=%(refname)%00%(upstream:short)%00%(objectname)%00%(upstream:track)%00%(upstream:remotename)%00%(upstream:remoteref) refs/heads/main refs/remotes/main [0ms]
2024-06-12 15:28:50.671 [info] > git status -z -uall [2ms]
2024-06-12 15:29:06.069 [info] > git config --get commit.template [1ms]
2024-06-12 15:29:06.079 [info] > git for-each-ref --format=%(refname)%00%(upstream:short)%00%(objectname)%00%(upstream:track)%00%(upstream:remotename)%00%(upstream:remoteref) refs/heads/main refs/remotes/main [2ms]
2024-06-12 15:29:06.087 [info] > git status -z -uall [3ms]
2024-06-12 15:29:16.599 [info] > git config --get commit.template [0ms]
2024-06-12 15:29:16.607 [info] > git for-each-ref --format=%(refname)%00%(upstream:short)%00%(objectname)%00%(upstream:track)%00%(upstream:remotename)%00%(upstream:remoteref) refs/heads/main refs/remotes/main [5ms]
2024-06-12 15:29:16.619 [info] > git status -z -uall [3ms]
2024-06-12 15:29:31.837 [info] > git check-ignore -v -z --stdin [0ms]
2024-06-12 15:29:32.952 [info] > git show --textconv :logs/general.log [6ms]
2024-06-12 15:29:32.954 [info] > git ls-files --stage -- /home/sai/django-project/NewsPortal/logs/general.log [2ms]
2024-06-12 15:29:32.958 [info] > git cat-file -s 562fdc11ab7e166608f22bb11e7bac81f1e6c24e [1ms]
2024-06-12 15:29:34.247 [info] > git show --textconv :logs/security.log [9ms]
2024-06-12 15:29:34.248 [info] > git ls-files --stage -- /home/sai/django-project/NewsPortal/logs/security.log [2ms]
2024-06-12 15:29:34.257 [info] > git cat-file -s e69de29bb2d1d6434b8b29ae775ad8c2e48c5391 [2ms]
2024-06-12 15:29:34.929 [info] > git show --textconv :logs/errors.log [7ms]
2024-06-12 15:29:34.930 [info] > git ls-files --stage -- /home/sai/django-project/NewsPortal/logs/errors.log [2ms]
2024-06-12 15:29:34.936 [info] > git cat-file -s e69de29bb2d1d6434b8b29ae775ad8c2e48c5391 [2ms]
2024-06-12 15:29:35.463 [info] > git show --textconv :logs/general.log [6ms]
2024-06-12 15:29:35.464 [info] > git ls-files --stage -- /home/sai/django-project/NewsPortal/logs/general.log [2ms]
2024-06-12 15:29:35.472 [info] > git cat-file -s 562fdc11ab7e166608f22bb11e7bac81f1e6c24e [1ms]
2024-06-12 15:29:43.133 [info] > git show --textconv :project/settings.py [4ms]
2024-06-12 15:29:43.133 [info] > git ls-files --stage -- /home/sai/django-project/NewsPortal/project/settings.py [1ms]
2024-06-12 15:29:43.140 [info] > git cat-file -s 0ef202a666316106fdddf5b508c579c713c6c0be [2ms]
2024-06-12 15:29:44.027 [info] > git show --textconv :logs/general.log [6ms]
2024-06-12 15:29:44.027 [info] > git ls-files --stage -- /home/sai/django-project/NewsPortal/logs/general.log [1ms]
2024-06-12 15:29:44.037 [info] > git cat-file -s 562fdc11ab7e166608f22bb11e7bac81f1e6c24e [2ms]
2024-06-12 15:29:45.409 [info] > git show --textconv :project/settings.py [7ms]
2024-06-12 15:29:45.410 [info] > git ls-files --stage -- /home/sai/django-project/NewsPortal/project/settings.py [2ms]
2024-06-12 15:29:45.413 [info] > git cat-file -s 0ef202a666316106fdddf5b508c579c713c6c0be [0ms]
2024-06-12 16:07:45.982 [info] > git show --textconv :project/logging [7ms]
2024-06-12 16:07:45.983 [info] > git ls-files --stage -- /home/sai/django-project/NewsPortal/project/logging [4ms]
2024-06-12 16:07:46.234 [info] > git check-ignore -v -z --stdin [2ms]
2024-06-12 16:07:46.780 [info] > git config --get commit.template [5ms]
2024-06-12 16:07:46.791 [info] > git for-each-ref --format=%(refname)%00%(upstream:short)%00%(objectname)%00%(upstream:track)%00%(upstream:remotename)%00%(upstream:remoteref) refs/heads/main refs/remotes/main [3ms]
2024-06-12 16:07:46.805 [info] > git status -z -uall [9ms]
2024-06-12 16:07:50.656 [info] > git show --textconv :project/logging.py [4ms]
2024-06-12 16:07:50.657 [info] > git ls-files --stage -- /home/sai/django-project/NewsPortal/project/logging.py [2ms]
2024-06-12 16:07:50.937 [info] > git check-ignore -v -z --stdin [2ms]
2024-06-12 16:07:51.825 [info] > git config --get commit.template [5ms]
2024-06-12 16:07:51.828 [info] > git for-each-ref --format=%(refname)%00%(upstream:short)%00%(objectname)%00%(upstream:track)%00%(upstream:remotename)%00%(upstream:remoteref) refs/heads/main refs/remotes/main [3ms]
2024-06-12 16:07:51.843 [info] > git status -z -uall [9ms]
2024-06-12 16:07:56.866 [info] > git config --get commit.template [5ms]
2024-06-12 16:07:56.867 [info] > git for-each-ref --format=%(refname)%00%(upstream:short)%00%(objectname)%00%(upstream:track)%00%(upstream:remotename)%00%(upstream:remoteref) refs/heads/main refs/remotes/main [2ms]
2024-06-12 16:07:56.880 [info] > git status -z -uall [9ms]
2024-06-12 16:09:08.503 [info] > git config --get commit.template [14ms]
2024-06-12 16:09:08.506 [info] > git for-each-ref --format=%(refname)%00%(upstream:short)%00%(objectname)%00%(upstream:track)%00%(upstream:remotename)%00%(upstream:remoteref) refs/heads/main refs/remotes/main [3ms]
2024-06-12 16:09:08.526 [info] > git status -z -uall [10ms]
2024-06-12 16:09:38.310 [info] > git config --get commit.template [6ms]
2024-06-12 16:09:38.312 [info] > git for-each-ref --format=%(refname)%00%(upstream:short)%00%(objectname)%00%(upstream:track)%00%(upstream:remotename)%00%(upstream:remoteref) refs/heads/main refs/remotes/main [2ms]
2024-06-12 16:09:38.329 [info] > git status -z -uall [12ms]
2024-06-12 16:09:41.976 [info] > git ls-files --stage -- /home/sai/django-project/NewsPortal/project/logging.py [2ms]
2024-06-12 16:09:41.986 [info] > git show --textconv :project/logging.py [4ms]
2024-06-12 16:09:43.345 [info] > git config --get commit.template [2ms]
2024-06-12 16:09:43.352 [info] > git for-each-ref --format=%(refname)%00%(upstream:short)%00%(objectname)%00%(upstream:track)%00%(upstream:remotename)%00%(upstream:remoteref) refs/heads/main refs/remotes/main [1ms]
2024-06-12 16:09:43.363 [info] > git status -z -uall [4ms]
2024-06-12 16:10:08.644 [info] > git config --get commit.template [2ms]
2024-06-12 16:10:08.655 [info] > git for-each-ref --format=%(refname)%00%(upstream:short)%00%(objectname)%00%(upstream:track)%00%(upstream:remotename)%00%(upstream:remoteref) refs/heads/main refs/remotes/main [3ms]
2024-06-12 16:10:08.661 [info] > git status -z -uall [2ms]
2024-06-12 16:10:13.673 [info] > git config --get commit.template [1ms]
2024-06-12 16:10:13.684 [info] > git for-each-ref --format=%(refname)%00%(upstream:short)%00%(objectname)%00%(upstream:track)%00%(upstream:remotename)%00%(upstream:remoteref) refs/heads/main refs/remotes/main [2ms]
2024-06-12 16:10:13.692 [info] > git status -z -uall [1ms]
2024-06-12 16:10:57.978 [info] > git config --get commit.template [12ms]
2024-06-12 16:10:57.978 [info] > git for-each-ref --format=%(refname)%00%(upstream:short)%00%(objectname)%00%(upstream:track)%00%(upstream:remotename)%00%(upstream:remoteref) refs/heads/main refs/remotes/main [2ms]
2024-06-12 16:10:57.993 [info] > git status -z -uall [10ms]
2024-06-12 16:11:03.017 [info] > git config --get commit.template [9ms]
2024-06-12 16:11:03.018 [info] > git for-each-ref --format=%(refname)%00%(upstream:short)%00%(objectname)%00%(upstream:track)%00%(upstream:remotename)%00%(upstream:remoteref) refs/heads/main refs/remotes/main [2ms]
2024-06-12 16:11:03.027 [info] > git status -z -uall [2ms]
2024-06-12 16:12:27.887 [info] > git show --textconv :logs/errors.log [7ms]
2024-06-12 16:12:27.887 [info] > git ls-files --stage -- /home/sai/django-project/NewsPortal/logs/errors.log [1ms]
2024-06-12 16:12:27.891 [info] > git cat-file -s e69de29bb2d1d6434b8b29ae775ad8c2e48c5391 [1ms]
2024-06-12 16:12:29.131 [info] > git show --textconv :logs/general.log [4ms]
2024-06-12 16:12:29.131 [info] > git ls-files --stage -- /home/sai/django-project/NewsPortal/logs/general.log [1ms]
2024-06-12 16:12:29.135 [info] > git cat-file -s 562fdc11ab7e166608f22bb11e7bac81f1e6c24e [1ms]
2024-06-12 16:12:30.033 [info] > git show --textconv :logs/errors.log [5ms]
2024-06-12 16:12:30.033 [info] > git ls-files --stage -- /home/sai/django-project/NewsPortal/logs/errors.log [1ms]
2024-06-12 16:12:30.038 [info] > git cat-file -s e69de29bb2d1d6434b8b29ae775ad8c2e48c5391 [2ms]
2024-06-12 16:12:45.379 [info] > git config --get commit.template [1ms]
2024-06-12 16:12:45.384 [info] > git for-each-ref --format=%(refname)%00%(upstream:short)%00%(objectname)%00%(upstream:track)%00%(upstream:remotename)%00%(upstream:remoteref) refs/heads/main refs/remotes/main [1ms]
2024-06-12 16:12:45.394 [info] > git status -z -uall [6ms]
2024-06-12 16:12:45.725 [info] > git show --textconv :logs/general.log [9ms]
2024-06-12 16:12:45.726 [info] > git ls-files --stage -- /home/sai/django-project/NewsPortal/logs/general.log [2ms]
2024-06-12 16:12:45.732 [info] > git cat-file -s 562fdc11ab7e166608f22bb11e7bac81f1e6c24e [1ms]
2024-06-12 16:12:47.727 [info] > git show --textconv :logs/security.log [1ms]
2024-06-12 16:12:47.737 [info] > git ls-files --stage -- /home/sai/django-project/NewsPortal/logs/security.log [2ms]
2024-06-12 16:12:47.740 [info] > git cat-file -s e69de29bb2d1d6434b8b29ae775ad8c2e48c5391 [1ms]
2024-06-12 16:12:50.407 [info] > git config --get commit.template [5ms]
2024-06-12 16:12:50.408 [info] > git for-each-ref --format=%(refname)%00%(upstream:short)%00%(objectname)%00%(upstream:track)%00%(upstream:remotename)%00%(upstream:remoteref) refs/heads/main refs/remotes/main [1ms]
2024-06-12 16:12:50.416 [info] > git status -z -uall [0ms]
2024-06-12 16:12:50.750 [info] > git show --textconv :project/logging.py [11ms]
2024-06-12 16:12:50.750 [info] > git ls-files --stage -- /home/sai/django-project/NewsPortal/project/logging.py [2ms]
2024-06-12 16:49:08.202 [info] > git show --textconv :logs/security.log [12ms]
2024-06-12 16:49:08.203 [info] > git ls-files --stage -- /home/sai/django-project/NewsPortal/logs/security.log [9ms]
2024-06-12 16:49:08.207 [info] > git cat-file -s e69de29bb2d1d6434b8b29ae775ad8c2e48c5391 [1ms]
2024-06-12 16:49:08.510 [info] > git show --textconv :logs/general.log [11ms]
2024-06-12 16:49:08.511 [info] > git ls-files --stage -- /home/sai/django-project/NewsPortal/logs/general.log [2ms]
2024-06-12 16:49:08.518 [info] > git cat-file -s 562fdc11ab7e166608f22bb11e7bac81f1e6c24e [1ms]
2024-06-12 16:49:08.893 [info] > git show --textconv :logs/errors.log [1ms]
2024-06-12 16:49:08.904 [info] > git ls-files --stage -- /home/sai/django-project/NewsPortal/logs/errors.log [2ms]
2024-06-12 16:49:08.911 [info] > git cat-file -s e69de29bb2d1d6434b8b29ae775ad8c2e48c5391 [1ms]
