2024-06-22 17:36:55.768 [info] Уровень ведения журнала: Info
2024-06-22 17:36:55.768 [info] Проверка найденного Git в: "git"
2024-06-22 17:36:55.768 [info] Используется Git "2.45.1" из "git"
2024-06-22 17:36:55.768 [info] > git rev-parse --show-toplevel [4ms]
2024-06-22 17:36:55.768 [info] > git rev-parse --git-dir --git-common-dir [1ms]
2024-06-22 17:36:55.773 [info] Open repository: /home/sai/django-project/NewsPortal
2024-06-22 17:36:55.784 [info] > git config --get commit.template [7ms]
2024-06-22 17:36:55.785 [info] > git rev-parse --show-toplevel [5ms]
2024-06-22 17:36:55.800 [info] > git rev-parse --show-toplevel [5ms]
2024-06-22 17:36:55.800 [info] > git for-each-ref --format=%(refname)%00%(upstream:short)%00%(objectname)%00%(upstream:track)%00%(upstream:remotename)%00%(upstream:remoteref) refs/heads/main refs/remotes/main [8ms]
2024-06-22 17:36:55.809 [info] > git rev-parse --show-toplevel [5ms]
2024-06-22 17:36:55.821 [info] > git status -z -uall [14ms]
2024-06-22 17:36:55.832 [info] > git merge-base refs/heads/main refs/remotes/origin/main [6ms]
2024-06-22 17:36:55.833 [info] > git rev-parse --show-toplevel [13ms]
2024-06-22 17:36:55.836 [info] > git config --get commit.template [3ms]
2024-06-22 17:36:55.836 [info] > git rev-parse --show-toplevel [1ms]
2024-06-22 17:36:55.836 [info] > git rev-list --count --left-right refs/heads/main...refs/remotes/origin/main [3ms]
2024-06-22 17:36:55.846 [info] > git for-each-ref --format=%(refname)%00%(upstream:short)%00%(objectname)%00%(upstream:track)%00%(upstream:remotename)%00%(upstream:remoteref) refs/heads/main refs/remotes/main [4ms]
2024-06-22 17:36:55.847 [info] > git diff --name-status -z --diff-filter=ADMR 73d40a14d5738275071d82c9ec55eba20f9f814a...refs/remotes/origin/main [8ms]
2024-06-22 17:36:55.848 [info] > git rev-parse --show-toplevel [2ms]
2024-06-22 17:36:55.854 [info] > git rev-parse --show-toplevel [3ms]
2024-06-22 17:36:55.856 [info] > git status -z -uall [2ms]
2024-06-22 17:36:55.858 [info] > git rev-parse --show-toplevel [2ms]
2024-06-22 17:36:55.862 [info] > git rev-parse --show-toplevel [1ms]
2024-06-22 17:36:55.866 [info] > git rev-parse --show-toplevel [2ms]
2024-06-22 17:36:55.897 [info] > git rev-parse --show-toplevel [28ms]
2024-06-22 17:36:56.098 [info] > git show --textconv :logs/errors.log [3ms]
2024-06-22 17:36:56.100 [info] > git ls-files --stage -- /home/sai/django-project/NewsPortal/logs/errors.log [2ms]
2024-06-22 17:36:56.104 [info] > git cat-file -s e69de29bb2d1d6434b8b29ae775ad8c2e48c5391 [1ms]
2024-06-22 17:36:56.312 [info] > git check-ignore -v -z --stdin [3ms]
2024-06-22 17:36:57.012 [info] > git config --get commit.template [1ms]
2024-06-22 17:36:57.016 [info] > git for-each-ref --format=%(refname)%00%(upstream:short)%00%(objectname)%00%(upstream:track)%00%(upstream:remotename)%00%(upstream:remoteref) refs/heads/main refs/remotes/main [1ms]
2024-06-22 17:36:57.023 [info] > git status -z -uall [3ms]
2024-06-22 17:36:57.115 [info] > git ls-files --stage -- /home/sai/django-project/NewsPortal/logs/errors.log [0ms]
2024-06-22 17:36:57.119 [info] > git cat-file -s e69de29bb2d1d6434b8b29ae775ad8c2e48c5391 [1ms]
2024-06-22 17:36:57.122 [info] > git show --textconv :logs/errors.log [0ms]
2024-06-22 17:36:59.624 [info] > git ls-files --stage -- /home/sai/django-project/NewsPortal/logs/errors.log [2ms]
2024-06-22 17:36:59.631 [info] > git cat-file -s e69de29bb2d1d6434b8b29ae775ad8c2e48c5391 [2ms]
2024-06-22 17:36:59.639 [info] > git show --textconv :logs/errors.log [0ms]
2024-06-22 17:37:02.033 [info] > git config --get commit.template [1ms]
2024-06-22 17:37:02.038 [info] > git for-each-ref --format=%(refname)%00%(upstream:short)%00%(objectname)%00%(upstream:track)%00%(upstream:remotename)%00%(upstream:remoteref) refs/heads/main refs/remotes/main [1ms]
2024-06-22 17:37:02.044 [info] > git status -z -uall [1ms]
2024-06-22 17:37:33.514 [info] > git rev-parse --show-toplevel [2ms]
2024-06-22 17:37:33.515 [info] fatal: not a git repository (or any parent up to mount point /)
Stopping at filesystem boundary (GIT_DISCOVERY_ACROSS_FILESYSTEM not set).
