2024-07-24 16:47:09.022 [info] Уровень ведения журнала: Info
2024-07-24 16:47:09.022 [info] Проверка найденного Git в: "git"
2024-07-24 16:47:09.022 [info] Используется Git "2.45.1" из "git"
2024-07-24 16:47:09.022 [info] > git rev-parse --show-toplevel [1ms]
2024-07-24 16:47:09.022 [info] > git rev-parse --git-dir --git-common-dir [0ms]
2024-07-24 16:47:09.026 [info] Open repository: /home/sai/django-project/NewsPortal
2024-07-24 16:47:09.035 [info] > git rev-parse --show-toplevel [3ms]
2024-07-24 16:47:09.035 [info] fatal: not a git repository (or any parent up to mount point /)
Stopping at filesystem boundary (GIT_DISCOVERY_ACROSS_FILESYSTEM not set).
2024-07-24 16:47:09.035 [info] > git config --get commit.template [5ms]
2024-07-24 16:47:09.042 [info] > git rev-parse --show-toplevel [4ms]
2024-07-24 16:47:09.044 [info] > git for-each-ref --format=%(refname)%00%(upstream:short)%00%(objectname)%00%(upstream:track)%00%(upstream:remotename)%00%(upstream:remoteref) refs/heads/main refs/remotes/main [4ms]
2024-07-24 16:47:09.048 [info] > git rev-parse --show-toplevel [4ms]
2024-07-24 16:47:09.050 [info] > git rev-parse --show-toplevel [0ms]
2024-07-24 16:47:09.055 [info] > git status -z -uall [7ms]
2024-07-24 16:47:09.055 [info] > git rev-parse --show-toplevel [2ms]
2024-07-24 16:47:09.079 [info] > git merge-base refs/heads/main refs/remotes/origin/main [22ms]
2024-07-24 16:47:09.083 [info] > git config --get commit.template [4ms]
2024-07-24 16:47:09.083 [info] > git rev-parse --show-toplevel [6ms]
2024-07-24 16:47:09.083 [info] > git rev-list --count --left-right refs/heads/main...refs/remotes/origin/main [2ms]
2024-07-24 16:47:09.090 [info] > git rev-parse --show-toplevel [3ms]
2024-07-24 16:47:09.090 [info] > git diff --name-status -z --diff-filter=ADMR 73d40a14d5738275071d82c9ec55eba20f9f814a...refs/remotes/origin/main [5ms]
2024-07-24 16:47:09.093 [info] > git for-each-ref --format=%(refname)%00%(upstream:short)%00%(objectname)%00%(upstream:track)%00%(upstream:remotename)%00%(upstream:remoteref) refs/heads/main refs/remotes/main [3ms]
2024-07-24 16:47:09.093 [info] > git rev-parse --show-toplevel [0ms]
2024-07-24 16:47:09.097 [info] > git rev-parse --show-toplevel [2ms]
2024-07-24 16:47:09.100 [info] > git status -z -uall [3ms]
2024-07-24 16:47:09.104 [info] > git rev-parse --show-toplevel [5ms]
2024-07-24 16:47:09.115 [info] > git rev-parse --show-toplevel [10ms]
2024-07-24 16:47:09.541 [info] > git check-ignore -v -z --stdin [2ms]
2024-07-24 16:47:15.528 [info] > git show --textconv :project/settings.py [6ms]
2024-07-24 16:47:15.529 [info] > git ls-files --stage -- /home/sai/django-project/NewsPortal/project/settings.py [1ms]
2024-07-24 16:47:15.531 [info] > git cat-file -s 0ef202a666316106fdddf5b508c579c713c6c0be [1ms]
2024-07-24 16:47:16.274 [info] > git show --textconv :project/celery.py [3ms]
2024-07-24 16:47:16.275 [info] > git ls-files --stage -- /home/sai/django-project/NewsPortal/project/celery.py [1ms]
2024-07-24 16:47:16.279 [info] > git cat-file -s 25f8dc929cb21a07a4b75d92140ad43f1d0fb7ff [1ms]
2024-07-24 16:47:19.166 [info] > git check-ignore -v -z --stdin [1ms]
2024-07-24 16:52:45.820 [info] > git show --textconv :project/logging.py [11ms]
2024-07-24 16:52:45.822 [info] > git ls-files --stage -- /home/sai/django-project/NewsPortal/project/logging.py [4ms]
2024-07-24 16:52:46.446 [info] > git show --textconv :project/settings.py [6ms]
2024-07-24 16:52:46.446 [info] > git ls-files --stage -- /home/sai/django-project/NewsPortal/project/settings.py [1ms]
2024-07-24 16:52:46.452 [info] > git cat-file -s 0ef202a666316106fdddf5b508c579c713c6c0be [1ms]
