2024-06-11 19:12:23.422 [info] (Client) Pylance async client (2024.6.1) started with python extension (2024.8.0)
2024-06-11 19:12:23.715 [info] [Info  - 19:12:23] (1390651) Pylance language server 2024.6.1 (pyright version 1.1.364, commit 0618acc5) starting
2024-06-11 19:12:23.715 [info] [Info  - 19:12:23] (1390651) Server root directory: file:///home/sai/.vscode/extensions/ms-python.vscode-pylance-2024.6.1/dist
2024-06-11 19:12:23.715 [info] [Info  - 19:12:23] (1390651) Starting service instance "NewsPortal"
2024-06-11 19:12:23.722 [info] Auto-Indent enabled
2024-06-11 19:12:23.726 [info] Auto-Indent enabled
2024-06-11 19:12:23.727 [info] [Info  - 19:12:23] (1390651) Setting pythonPath for service "NewsPortal": "/bin/python"
2024-06-11 19:12:23.727 [info] [Info  - 19:12:23] (1390651) Setting environmentName for service "NewsPortal": "3.12.3 (глобальная)"
2024-06-11 19:12:23.780 [info] [Info  - 19:12:23] (1390651) Assuming Python version 3.12.3.final.0
2024-06-11 19:12:23.962 [info] [Info  - 19:12:23] (1390651) Found 33 source files
2024-06-11 19:12:23.965 [info] Auto-Indent enabled
2024-06-11 19:12:24.051 [info] [Info  - 19:12:24] (1390651) Background analysis(1) root directory: file:///home/sai/.vscode/extensions/ms-python.vscode-pylance-2024.6.1/dist
2024-06-11 19:12:24.051 [info] [Info  - 19:12:24] (1390651) Background analysis(1) started
2024-06-11 19:12:24.232 [info] [Info  - 19:12:24] (1390651) Indexer background runner(2) root directory: file:///home/sai/.vscode/extensions/ms-python.vscode-pylance-2024.6.1/dist (index)
2024-06-11 19:12:24.233 [info] [Info  - 19:12:24] (1390651) Indexing(2) started
2024-06-11 19:12:24.553 [info] [Info  - 19:12:24] (1390651) scanned(2) 159 files over 1 exec env
2024-06-11 19:12:25.236 [info] [Info  - 19:12:25] (1390651) indexed(2) 89 files over 1 exec env
2024-06-11 19:12:25.260 [info] [Info  - 19:12:25] (1390651) Indexing finished(2).
2024-06-11 19:16:04.655 [info] [Info  - 19:16:04] (1390651) Starting service instance "<default>"
2024-06-11 19:16:04.688 [info] Auto-Indent enabled
2024-06-11 19:16:04.689 [info] [Info  - 19:16:04] (1390651) Setting pythonPath for service "<default>": "/bin/python"
2024-06-11 19:16:04.689 [info] [Info  - 19:16:04] (1390651) Setting environmentName for service "<default>": "3.12.3 (глобальная)"
2024-06-11 19:16:04.715 [info] [Info  - 19:16:04] (1390651) Assuming Python version 3.12.3.final.0
2024-06-11 19:16:04.908 [info] [Info  - 19:16:04] (1390651) No source files found.
2024-06-11 19:16:04.919 [info] [Info  - 19:16:04] (1390651) Background analysis(3) root directory: file:///home/sai/.vscode/extensions/ms-python.vscode-pylance-2024.6.1/dist
2024-06-11 19:16:04.921 [info] [Info  - 19:16:04] (1390651) Background analysis(3) started
2024-06-11 19:35:07.161 [info] [Info  - 19:35:07] (1390651) Found 33 source files
