2024-06-11 19:12:22.982 [info] Уровень ведения журнала: Info
2024-06-11 19:12:22.982 [info] Проверка найденного Git в: "git"
2024-06-11 19:12:22.982 [info] Используется Git "2.45.1" из "git"
2024-06-11 19:12:22.982 [info] > git rev-parse --show-toplevel [1ms]
2024-06-11 19:12:22.982 [info] > git rev-parse --git-dir --git-common-dir [1ms]
2024-06-11 19:12:22.982 [info] Open repository: /home/sai/NewsPortal
2024-06-11 19:12:22.987 [info] > git config --get commit.template [3ms]
2024-06-11 19:12:22.988 [info] > git rev-parse --show-toplevel [2ms]
2024-06-11 19:12:22.993 [info] > git rev-parse --show-toplevel [2ms]
2024-06-11 19:12:22.993 [info] > git for-each-ref --format=%(refname)%00%(upstream:short)%00%(objectname)%00%(upstream:track)%00%(upstream:remotename)%00%(upstream:remoteref) refs/heads/main refs/remotes/main [3ms]
2024-06-11 19:12:22.997 [info] > git rev-parse --show-toplevel [2ms]
2024-06-11 19:12:22.999 [info] > git rev-parse --show-toplevel [1ms]
2024-06-11 19:12:23.001 [info] > git rev-parse --show-toplevel [0ms]
2024-06-11 19:12:23.003 [info] > git status -z -uall [6ms]
2024-06-11 19:12:23.011 [info] > git merge-base refs/heads/main refs/remotes/origin/main [5ms]
2024-06-11 19:12:23.013 [info] > git rev-parse --show-toplevel [10ms]
2024-06-11 19:12:23.017 [info] > git rev-list --count --left-right refs/heads/main...refs/remotes/origin/main [4ms]
2024-06-11 19:12:23.019 [info] > git config --get commit.template [8ms]
2024-06-11 19:12:23.019 [info] > git rev-parse --show-toplevel [2ms]
2024-06-11 19:12:23.026 [info] > git diff --name-status -z --diff-filter=ADMR 1bc6f10800eb9aa44b8c5cce2ef74bca3df7616d...refs/remotes/origin/main [7ms]
2024-06-11 19:12:23.028 [info] > git rev-parse --show-toplevel [3ms]
2024-06-11 19:12:23.028 [info] > git for-each-ref --format=%(refname)%00%(upstream:short)%00%(objectname)%00%(upstream:track)%00%(upstream:remotename)%00%(upstream:remoteref) refs/heads/main refs/remotes/main [6ms]
2024-06-11 19:12:23.035 [info] > git rev-parse --show-toplevel [2ms]
2024-06-11 19:12:23.046 [info] > git status -z -uall [11ms]
2024-06-11 19:12:23.048 [info] > git rev-parse --show-toplevel [3ms]
2024-06-11 19:12:23.339 [info] > git show --textconv :project/celery.py [2ms]
2024-06-11 19:12:23.346 [info] > git show --textconv :news/signals.py [4ms]
2024-06-11 19:12:23.346 [info] > git ls-files --stage -- /home/sai/NewsPortal/news/signals.py [2ms]
2024-06-11 19:12:23.350 [info] > git ls-files --stage -- /home/sai/NewsPortal/project/celery.py [11ms]
2024-06-11 19:12:23.353 [info] > git cat-file -s 436111d5f08091c48291cd2466771d0264b1225a [3ms]
2024-06-11 19:12:23.354 [info] > git cat-file -s 25f8dc929cb21a07a4b75d92140ad43f1d0fb7ff [1ms]
2024-06-11 19:12:23.500 [info] > git check-ignore -v -z --stdin [1ms]
2024-06-11 19:12:24.594 [info] > git config --get commit.template [3ms]
2024-06-11 19:12:24.601 [info] > git ls-files --stage -- /home/sai/NewsPortal/project/celery.py [4ms]
2024-06-11 19:12:24.613 [info] > git cat-file -s 25f8dc929cb21a07a4b75d92140ad43f1d0fb7ff [7ms]
2024-06-11 19:12:24.614 [info] > git ls-files --stage -- /home/sai/NewsPortal/news/signals.py [14ms]
2024-06-11 19:12:24.617 [info] > git for-each-ref --format=%(refname)%00%(upstream:short)%00%(objectname)%00%(upstream:track)%00%(upstream:remotename)%00%(upstream:remoteref) refs/heads/main refs/remotes/main [5ms]
2024-06-11 19:12:24.622 [info] > git cat-file -s 436111d5f08091c48291cd2466771d0264b1225a [5ms]
2024-06-11 19:12:24.622 [info] > git show --textconv :project/celery.py [1ms]
2024-06-11 19:12:24.631 [info] > git show --textconv :news/signals.py [1ms]
2024-06-11 19:12:24.633 [info] > git status -z -uall [6ms]
2024-06-11 19:12:26.996 [info] > git ls-files --stage -- /home/sai/NewsPortal/project/celery.py [5ms]
2024-06-11 19:12:27.000 [info] > git ls-files --stage -- /home/sai/NewsPortal/news/signals.py [4ms]
2024-06-11 19:12:27.004 [info] > git cat-file -s 25f8dc929cb21a07a4b75d92140ad43f1d0fb7ff [5ms]
2024-06-11 19:12:27.005 [info] > git cat-file -s 436111d5f08091c48291cd2466771d0264b1225a [1ms]
2024-06-11 19:12:27.015 [info] > git show --textconv :project/celery.py [6ms]
2024-06-11 19:12:27.015 [info] > git show --textconv :news/signals.py [1ms]
2024-06-11 19:12:29.648 [info] > git config --get commit.template [3ms]
2024-06-11 19:12:29.652 [info] > git for-each-ref --format=%(refname)%00%(upstream:short)%00%(objectname)%00%(upstream:track)%00%(upstream:remotename)%00%(upstream:remoteref) refs/heads/main refs/remotes/main [0ms]
2024-06-11 19:12:29.661 [info] > git status -z -uall [2ms]
2024-06-11 19:12:30.336 [info] > git show --textconv :news/tasks.py [4ms]
2024-06-11 19:12:30.337 [info] > git ls-files --stage -- /home/sai/NewsPortal/news/tasks.py [1ms]
2024-06-11 19:12:30.342 [info] > git cat-file -s 27daa60654d62a0189ed684d30388b7b35f6afe2 [1ms]
2024-06-11 19:12:31.307 [info] > git show --textconv :news/management/commands/runapscheduler.py [3ms]
2024-06-11 19:12:31.307 [info] > git ls-files --stage -- /home/sai/NewsPortal/news/management/commands/runapscheduler.py [1ms]
2024-06-11 19:12:31.314 [info] > git cat-file -s ffbe004dee1a4d53779308658f941a8f42d69fe0 [0ms]
2024-06-11 19:12:31.564 [info] > git check-ignore -v -z --stdin [1ms]
2024-06-11 19:12:33.305 [info] > git show --textconv :project/settings.py [7ms]
2024-06-11 19:12:33.305 [info] > git ls-files --stage -- /home/sai/NewsPortal/project/settings.py [1ms]
2024-06-11 19:12:33.310 [info] > git cat-file -s 603d04c6d0aaf821e1e41a1d7a56115692f693cc [1ms]
2024-06-11 19:12:46.999 [info] > git check-ignore -v -z --stdin [1ms]
2024-06-11 19:12:47.545 [info] > git config --get commit.template [1ms]
2024-06-11 19:12:47.552 [info] > git for-each-ref --format=%(refname)%00%(upstream:short)%00%(objectname)%00%(upstream:track)%00%(upstream:remotename)%00%(upstream:remoteref) refs/heads/main refs/remotes/main [1ms]
2024-06-11 19:12:47.562 [info] > git status -z -uall [3ms]
2024-06-11 19:12:54.824 [info] > git show --textconv :logs/errors.log [1ms]
2024-06-11 19:12:54.830 [info] > git ls-files --stage -- /home/sai/NewsPortal/logs/errors.log [1ms]
2024-06-11 19:12:55.087 [info] > git check-ignore -v -z --stdin [0ms]
2024-06-11 19:12:58.596 [info] > git config --get commit.template [3ms]
2024-06-11 19:12:58.596 [info] > git for-each-ref --format=%(refname)%00%(upstream:short)%00%(objectname)%00%(upstream:track)%00%(upstream:remotename)%00%(upstream:remoteref) refs/heads/main refs/remotes/main [1ms]
2024-06-11 19:12:58.601 [info] > git status -z -uall [2ms]
2024-06-11 19:13:04.437 [info] > git check-ignore -v -z --stdin [2ms]
2024-06-11 19:13:07.197 [info] > git config --get commit.template [1ms]
2024-06-11 19:13:07.207 [info] > git for-each-ref --format=%(refname)%00%(upstream:short)%00%(objectname)%00%(upstream:track)%00%(upstream:remotename)%00%(upstream:remoteref) refs/heads/main refs/remotes/main [2ms]
2024-06-11 19:13:07.213 [info] > git status -z -uall [2ms]
2024-06-11 19:13:09.181 [info] > git show --textconv :logs/general.log [14ms]
2024-06-11 19:13:09.181 [info] > git ls-files --stage -- /home/sai/NewsPortal/logs/general.log [1ms]
2024-06-11 19:13:09.964 [info] > git show --textconv :logs/security.log [17ms]
2024-06-11 19:13:09.964 [info] > git ls-files --stage -- /home/sai/NewsPortal/logs/security.log [1ms]
2024-06-11 19:13:10.919 [info] > git show --textconv :logs/errors.log [11ms]
2024-06-11 19:13:10.919 [info] > git ls-files --stage -- /home/sai/NewsPortal/logs/errors.log [4ms]
2024-06-11 19:13:24.521 [info] > git config --get commit.template [1ms]
2024-06-11 19:13:24.527 [info] > git for-each-ref --format=%(refname)%00%(upstream:short)%00%(objectname)%00%(upstream:track)%00%(upstream:remotename)%00%(upstream:remoteref) refs/heads/main refs/remotes/main [1ms]
2024-06-11 19:13:24.538 [info] > git status -z -uall [2ms]
2024-06-11 19:13:24.793 [info] > git show --textconv :logs/general.log [1ms]
2024-06-11 19:13:24.803 [info] > git ls-files --stage -- /home/sai/NewsPortal/logs/general.log [1ms]
2024-06-11 19:13:25.231 [info] > git show --textconv :logs/security.log [6ms]
2024-06-11 19:13:25.232 [info] > git ls-files --stage -- /home/sai/NewsPortal/logs/security.log [1ms]
2024-06-11 19:13:25.688 [info] > git show --textconv :logs/errors.log [12ms]
2024-06-11 19:13:25.688 [info] > git ls-files --stage -- /home/sai/NewsPortal/logs/errors.log [1ms]
2024-06-11 19:13:32.017 [info] > git config --get commit.template [1ms]
2024-06-11 19:13:32.021 [info] > git for-each-ref --format=%(refname)%00%(upstream:short)%00%(objectname)%00%(upstream:track)%00%(upstream:remotename)%00%(upstream:remoteref) refs/heads/main refs/remotes/main [0ms]
2024-06-11 19:13:32.034 [info] > git status -z -uall [6ms]
2024-06-11 19:13:32.360 [info] > git show --textconv :logs/security.log [7ms]
2024-06-11 19:13:32.362 [info] > git ls-files --stage -- /home/sai/NewsPortal/logs/security.log [2ms]
2024-06-11 19:13:32.665 [info] > git show --textconv :logs/general.log [11ms]
2024-06-11 19:13:32.665 [info] > git ls-files --stage -- /home/sai/NewsPortal/logs/general.log [3ms]
2024-06-11 19:13:33.028 [info] > git show --textconv :logs/errors.log [10ms]
2024-06-11 19:13:33.028 [info] > git ls-files --stage -- /home/sai/NewsPortal/logs/errors.log [1ms]
2024-06-11 19:13:47.708 [info] > git check-ignore -v -z --stdin [2ms]
2024-06-11 19:13:49.096 [info] > git config --get commit.template [6ms]
2024-06-11 19:13:49.097 [info] > git for-each-ref --format=%(refname)%00%(upstream:short)%00%(objectname)%00%(upstream:track)%00%(upstream:remotename)%00%(upstream:remoteref) refs/heads/main refs/remotes/main [1ms]
2024-06-11 19:13:49.103 [info] > git status -z -uall [2ms]
2024-06-11 19:13:49.423 [info] > git show --textconv :logs/security.log [1ms]
2024-06-11 19:13:49.441 [info] > git ls-files --stage -- /home/sai/NewsPortal/logs/security.log [4ms]
2024-06-11 19:13:49.720 [info] > git show --textconv :logs/general.log [8ms]
2024-06-11 19:13:49.721 [info] > git ls-files --stage -- /home/sai/NewsPortal/logs/general.log [1ms]
2024-06-11 19:13:50.072 [info] > git show --textconv :logs/errors.log [5ms]
2024-06-11 19:13:50.072 [info] > git ls-files --stage -- /home/sai/NewsPortal/logs/errors.log [0ms]
2024-06-11 19:14:15.851 [info] > git config --get commit.template [2ms]
2024-06-11 19:14:15.862 [info] > git for-each-ref --format=%(refname)%00%(upstream:short)%00%(objectname)%00%(upstream:track)%00%(upstream:remotename)%00%(upstream:remoteref) refs/heads/main refs/remotes/main [0ms]
2024-06-11 19:14:15.871 [info] > git status -z -uall [2ms]
2024-06-11 19:15:07.570 [info] > git show --textconv :project/settings.py [0ms]
2024-06-11 19:15:07.577 [info] > git ls-files --stage -- /home/sai/NewsPortal/project/settings.py [0ms]
2024-06-11 19:15:07.584 [info] > git cat-file -s 603d04c6d0aaf821e1e41a1d7a56115692f693cc [2ms]
2024-06-11 19:15:54.740 [info] > git show --textconv :logs/security.log [9ms]
2024-06-11 19:15:54.741 [info] > git ls-files --stage -- /home/sai/NewsPortal/logs/security.log [2ms]
2024-06-11 19:15:55.462 [info] > git show --textconv :logs/general.log [8ms]
2024-06-11 19:15:55.462 [info] > git ls-files --stage -- /home/sai/NewsPortal/logs/general.log [2ms]
2024-06-11 19:15:55.952 [info] > git show --textconv :logs/errors.log [6ms]
2024-06-11 19:15:55.952 [info] > git ls-files --stage -- /home/sai/NewsPortal/logs/errors.log [1ms]
2024-06-11 19:15:57.316 [info] > git show --textconv :logs/general.log [3ms]
2024-06-11 19:15:57.331 [info] > git ls-files --stage -- /home/sai/NewsPortal/logs/general.log [1ms]
2024-06-11 19:15:57.667 [info] > git show --textconv :project/settings.py [6ms]
2024-06-11 19:15:57.667 [info] > git ls-files --stage -- /home/sai/NewsPortal/project/settings.py [1ms]
2024-06-11 19:15:57.672 [info] > git cat-file -s 603d04c6d0aaf821e1e41a1d7a56115692f693cc [1ms]
2024-06-11 19:16:18.464 [info] > git config --get commit.template [1ms]
2024-06-11 19:16:18.476 [info] > git for-each-ref --format=%(refname)%00%(upstream:short)%00%(objectname)%00%(upstream:track)%00%(upstream:remotename)%00%(upstream:remoteref) refs/heads/main refs/remotes/main [1ms]
2024-06-11 19:16:18.483 [info] > git status -z -uall [2ms]
2024-06-11 19:16:33.266 [info] > git config --get commit.template [1ms]
2024-06-11 19:16:33.269 [info] > git for-each-ref --format=%(refname)%00%(upstream:short)%00%(objectname)%00%(upstream:track)%00%(upstream:remotename)%00%(upstream:remoteref) refs/heads/main refs/remotes/main [0ms]
2024-06-11 19:16:33.276 [info] > git status -z -uall [3ms]
2024-06-11 19:16:47.834 [info] > git config --get commit.template [4ms]
2024-06-11 19:16:47.841 [info] > git for-each-ref --format=%(refname)%00%(upstream:short)%00%(objectname)%00%(upstream:track)%00%(upstream:remotename)%00%(upstream:remoteref) refs/heads/main refs/remotes/main [1ms]
2024-06-11 19:16:47.848 [info] > git status -z -uall [3ms]
2024-06-11 19:16:57.744 [info] > git show --textconv :logs/security.log [6ms]
2024-06-11 19:16:57.745 [info] > git ls-files --stage -- /home/sai/NewsPortal/logs/security.log [2ms]
2024-06-11 19:16:58.231 [info] > git show --textconv :logs/general.log [1ms]
2024-06-11 19:16:58.238 [info] > git ls-files --stage -- /home/sai/NewsPortal/logs/general.log [1ms]
2024-06-11 19:16:59.697 [info] > git show --textconv :logs/errors.log [8ms]
2024-06-11 19:16:59.697 [info] > git ls-files --stage -- /home/sai/NewsPortal/logs/errors.log [2ms]
2024-06-11 19:17:00.876 [info] > git show --textconv :logs/general.log [1ms]
2024-06-11 19:17:00.885 [info] > git ls-files --stage -- /home/sai/NewsPortal/logs/general.log [1ms]
2024-06-11 19:17:07.665 [info] > git config --get commit.template [4ms]
2024-06-11 19:17:07.666 [info] > git for-each-ref --format=%(refname)%00%(upstream:short)%00%(objectname)%00%(upstream:track)%00%(upstream:remotename)%00%(upstream:remoteref) refs/heads/main refs/remotes/main [1ms]
2024-06-11 19:17:07.674 [info] > git status -z -uall [4ms]
2024-06-11 19:17:12.692 [info] > git config --get commit.template [1ms]
2024-06-11 19:17:12.697 [info] > git for-each-ref --format=%(refname)%00%(upstream:short)%00%(objectname)%00%(upstream:track)%00%(upstream:remotename)%00%(upstream:remoteref) refs/heads/main refs/remotes/main [1ms]
2024-06-11 19:17:12.711 [info] > git status -z -uall [7ms]
2024-06-11 19:17:41.871 [info] > git ls-files --stage -- /home/sai/NewsPortal/logs/security.log [1ms]
2024-06-11 19:17:41.874 [info] > git show --textconv :logs/security.log [7ms]
2024-06-11 19:17:42.601 [info] > git show --textconv :logs/general.log [16ms]
2024-06-11 19:17:42.601 [info] > git ls-files --stage -- /home/sai/NewsPortal/logs/general.log [11ms]
2024-06-11 19:17:42.988 [info] > git show --textconv :logs/errors.log [1ms]
2024-06-11 19:17:42.999 [info] > git ls-files --stage -- /home/sai/NewsPortal/logs/errors.log [2ms]
2024-06-11 19:18:55.246 [info] > git show --textconv :project/settings.py [5ms]
2024-06-11 19:18:55.246 [info] > git ls-files --stage -- /home/sai/NewsPortal/project/settings.py [1ms]
2024-06-11 19:18:55.250 [info] > git cat-file -s 0ef202a666316106fdddf5b508c579c713c6c0be [1ms]
2024-06-11 19:19:52.659 [info] > git config --get commit.template [3ms]
2024-06-11 19:19:52.668 [info] > git for-each-ref --format=%(refname)%00%(upstream:short)%00%(objectname)%00%(upstream:track)%00%(upstream:remotename)%00%(upstream:remoteref) refs/heads/main refs/remotes/main [4ms]
2024-06-11 19:19:52.674 [info] > git status -z -uall [2ms]
2024-06-11 19:19:52.680 [info] > git merge-base refs/heads/main refs/remotes/origin/main [2ms]
2024-06-11 19:19:52.687 [info] > git ls-files --stage -- /home/sai/NewsPortal/project/settings.py [1ms]
2024-06-11 19:19:52.690 [info] > git rev-list --count --left-right refs/heads/main...refs/remotes/origin/main [7ms]
2024-06-11 19:19:52.695 [info] > git cat-file -s 0ef202a666316106fdddf5b508c579c713c6c0be [5ms]
2024-06-11 19:19:52.695 [info] > git diff --name-status -z --diff-filter=ADMR 73d40a14d5738275071d82c9ec55eba20f9f814a...refs/remotes/origin/main [1ms]
2024-06-11 19:19:52.710 [info] > git show --textconv :project/settings.py [3ms]
2024-06-11 19:19:57.693 [info] > git config --get commit.template [1ms]
2024-06-11 19:19:57.701 [info] > git for-each-ref --format=%(refname)%00%(upstream:short)%00%(objectname)%00%(upstream:track)%00%(upstream:remotename)%00%(upstream:remoteref) refs/heads/main refs/remotes/main [2ms]
2024-06-11 19:19:57.712 [info] > git status -z -uall [3ms]
2024-06-11 19:32:33.721 [info] > git config --get commit.template [12ms]
2024-06-11 19:32:33.722 [info] > git for-each-ref --format=%(refname)%00%(upstream:short)%00%(objectname)%00%(upstream:track)%00%(upstream:remotename)%00%(upstream:remoteref) refs/heads/main refs/remotes/main [2ms]
2024-06-11 19:32:33.733 [info] > git status -z -uall [6ms]
2024-06-11 19:33:57.078 [info] > git config --get commit.template [9ms]
2024-06-11 19:33:57.086 [info] > git for-each-ref --format=%(refname)%00%(upstream:short)%00%(objectname)%00%(upstream:track)%00%(upstream:remotename)%00%(upstream:remoteref) refs/heads/main refs/remotes/main [4ms]
2024-06-11 19:33:57.100 [info] > git status -z -uall [4ms]
2024-06-11 19:34:12.894 [info] > git config --get commit.template [2ms]
2024-06-11 19:34:12.912 [info] > git for-each-ref --format=%(refname)%00%(upstream:short)%00%(objectname)%00%(upstream:track)%00%(upstream:remotename)%00%(upstream:remoteref) refs/heads/main refs/remotes/main [4ms]
2024-06-11 19:34:12.929 [info] > git status -z -uall [3ms]
2024-06-11 19:34:19.356 [info] > git for-each-ref --format=%(refname)%00%(upstream:short)%00%(objectname)%00%(upstream:track)%00%(upstream:remotename)%00%(upstream:remoteref) refs/heads/main refs/remotes/main [1ms]
2024-06-11 19:34:19.357 [info] > git config --get commit.template [8ms]
2024-06-11 19:34:19.369 [info] > git status -z -uall [4ms]
2024-06-11 19:34:38.670 [info] > git check-ignore -v -z --stdin [1ms]
2024-06-11 19:34:48.241 [info] > git config --get commit.template [2ms]
2024-06-11 19:34:48.245 [info] > git for-each-ref --format=%(refname)%00%(upstream:short)%00%(objectname)%00%(upstream:track)%00%(upstream:remotename)%00%(upstream:remoteref) refs/heads/main refs/remotes/main [0ms]
2024-06-11 19:34:48.256 [info] > git status -z -uall [2ms]
2024-06-11 19:35:06.568 [info] > git config --get commit.template [1ms]
2024-06-11 19:35:06.579 [info] > git for-each-ref --format=%(refname)%00%(upstream:short)%00%(objectname)%00%(upstream:track)%00%(upstream:remotename)%00%(upstream:remoteref) refs/heads/main refs/remotes/main [4ms]
2024-06-11 19:35:06.586 [info] > git status -z -uall [2ms]
2024-06-11 19:35:07.113 [info] > git check-ignore -v -z --stdin [0ms]
2024-06-11 19:35:18.268 [info] > git config --get commit.template [2ms]
2024-06-11 19:35:18.273 [info] > git for-each-ref --format=%(refname)%00%(upstream:short)%00%(objectname)%00%(upstream:track)%00%(upstream:remotename)%00%(upstream:remoteref) refs/heads/main refs/remotes/main [1ms]
2024-06-11 19:35:18.283 [info] > git status -z -uall [4ms]
2024-06-11 19:35:23.296 [info] > git config --get commit.template [4ms]
2024-06-11 19:35:23.297 [info] > git for-each-ref --format=%(refname)%00%(upstream:short)%00%(objectname)%00%(upstream:track)%00%(upstream:remotename)%00%(upstream:remoteref) refs/heads/main refs/remotes/main [1ms]
2024-06-11 19:35:23.301 [info] > git status -z -uall [1ms]
2024-06-11 19:35:31.331 [info] > git show --textconv :project/settings.py [5ms]
2024-06-11 19:35:31.331 [info] > git ls-files --stage -- /home/sai/NewsPortal/project/settings.py [0ms]
2024-06-11 19:35:31.335 [info] > git cat-file -s 0ef202a666316106fdddf5b508c579c713c6c0be [1ms]
2024-06-11 19:35:51.024 [info] > git show --textconv :news/views.py [5ms]
2024-06-11 19:35:51.024 [info] > git ls-files --stage -- /home/sai/NewsPortal/news/views.py [2ms]
2024-06-11 19:35:51.029 [info] > git cat-file -s fe5803f2fafa2077ea64e427f8947a1111f4b119 [1ms]
2024-06-11 19:36:11.255 [info] > git for-each-ref --format=%(refname)%00%(upstream:short)%00%(objectname)%00%(upstream:track)%00%(upstream:remotename)%00%(upstream:remoteref) refs/heads/main refs/remotes/main [1ms]
2024-06-11 19:36:11.255 [info] > git config --get commit.template [7ms]
2024-06-11 19:36:11.267 [info] > git status -z -uall [4ms]
2024-06-11 19:36:20.473 [info] > git config --get commit.template [2ms]
2024-06-11 19:36:20.481 [info] > git for-each-ref --format=%(refname)%00%(upstream:short)%00%(objectname)%00%(upstream:track)%00%(upstream:remotename)%00%(upstream:remoteref) refs/heads/main refs/remotes/main [2ms]
2024-06-11 19:36:20.494 [info] > git status -z -uall [1ms]
2024-06-11 19:36:51.549 [info] > git config --get commit.template [2ms]
2024-06-11 19:36:51.571 [info] > git for-each-ref --format=%(refname)%00%(upstream:short)%00%(objectname)%00%(upstream:track)%00%(upstream:remotename)%00%(upstream:remoteref) refs/heads/main refs/remotes/main [2ms]
2024-06-11 19:36:51.579 [info] > git status -z -uall [2ms]
2024-06-11 19:37:20.905 [info] > git check-ignore -v -z --stdin [1ms]
2024-06-11 19:40:27.374 [info] > git config --get commit.template [1ms]
2024-06-11 19:40:27.379 [info] > git for-each-ref --format=%(refname)%00%(upstream:short)%00%(objectname)%00%(upstream:track)%00%(upstream:remotename)%00%(upstream:remoteref) refs/heads/main refs/remotes/main [1ms]
2024-06-11 19:40:27.391 [info] > git status -z -uall [5ms]
2024-06-11 19:40:28.671 [info] > git show --textconv :locale/en/LC_MESSAGES/django.po [6ms]
2024-06-11 19:40:28.671 [info] > git ls-files --stage -- /home/sai/NewsPortal/locale/en/LC_MESSAGES/django.po [1ms]
2024-06-11 19:40:28.943 [info] > git check-ignore -v -z --stdin [1ms]
2024-06-11 19:40:56.333 [info] > git config --get commit.template [4ms]
2024-06-11 19:40:56.342 [info] > git for-each-ref --format=%(refname)%00%(upstream:short)%00%(objectname)%00%(upstream:track)%00%(upstream:remotename)%00%(upstream:remoteref) refs/heads/main refs/remotes/main [2ms]
2024-06-11 19:40:56.346 [info] > git status -z -uall [1ms]
2024-06-11 19:40:56.924 [info] > git check-ignore -v -z --stdin [1ms]
2024-06-11 19:40:58.135 [info] > git check-ignore -v -z --stdin [1ms]
2024-06-11 19:40:58.956 [info] > git show --textconv :locale/ru/LC_MESSAGES/django.po [1ms]
2024-06-11 19:40:58.964 [info] > git ls-files --stage -- /home/sai/NewsPortal/locale/ru/LC_MESSAGES/django.po [1ms]
2024-06-11 19:41:03.802 [info] > git show --textconv :locale/en/LC_MESSAGES/django.po [0ms]
2024-06-11 19:41:03.813 [info] > git ls-files --stage -- /home/sai/NewsPortal/locale/en/LC_MESSAGES/django.po [2ms]
2024-06-11 19:41:06.848 [info] > git show --textconv :locale/ru/LC_MESSAGES/django.po [7ms]
2024-06-11 19:41:06.851 [info] > git ls-files --stage -- /home/sai/NewsPortal/locale/ru/LC_MESSAGES/django.po [3ms]
2024-06-11 19:42:03.659 [info] > git show --textconv :locale/en/LC_MESSAGES/django.po [1ms]
2024-06-11 19:42:03.668 [info] > git ls-files --stage -- /home/sai/NewsPortal/locale/en/LC_MESSAGES/django.po [1ms]
2024-06-11 19:42:06.046 [info] > git show --textconv :locale/ru/LC_MESSAGES/django.po [7ms]
2024-06-11 19:42:06.046 [info] > git ls-files --stage -- /home/sai/NewsPortal/locale/ru/LC_MESSAGES/django.po [2ms]
2024-06-11 19:42:13.350 [info] > git show --textconv :locale/en/LC_MESSAGES/django.po [8ms]
2024-06-11 19:42:13.351 [info] > git ls-files --stage -- /home/sai/NewsPortal/locale/en/LC_MESSAGES/django.po [1ms]
2024-06-11 19:42:17.446 [info] > git show --textconv :locale/ru/LC_MESSAGES/django.po [9ms]
2024-06-11 19:42:17.446 [info] > git ls-files --stage -- /home/sai/NewsPortal/locale/ru/LC_MESSAGES/django.po [1ms]
2024-06-11 19:42:20.723 [info] > git show --textconv :locale/en/LC_MESSAGES/django.po [0ms]
2024-06-11 19:42:20.731 [info] > git ls-files --stage -- /home/sai/NewsPortal/locale/en/LC_MESSAGES/django.po [1ms]
2024-06-11 19:42:22.399 [info] > git show --textconv :locale/ru/LC_MESSAGES/django.po [7ms]
2024-06-11 19:42:22.400 [info] > git ls-files --stage -- /home/sai/NewsPortal/locale/ru/LC_MESSAGES/django.po [1ms]
2024-06-11 19:42:51.201 [info] > git check-ignore -v -z --stdin [1ms]
2024-06-11 19:42:55.898 [info] > git show --textconv :locale/ru/LC_MESSAGES/django.mo [6ms]
2024-06-11 19:42:55.898 [info] > git ls-files --stage -- /home/sai/NewsPortal/locale/ru/LC_MESSAGES/django.mo [1ms]
2024-06-11 19:43:26.153 [info] > git show --textconv :locale/ru/LC_MESSAGES/django.po [9ms]
2024-06-11 19:43:26.154 [info] > git ls-files --stage -- /home/sai/NewsPortal/locale/ru/LC_MESSAGES/django.po [1ms]
2024-06-11 19:54:02.695 [info] > git show --textconv :news/models.py [7ms]
2024-06-11 19:54:02.696 [info] > git ls-files --stage -- /home/sai/NewsPortal/news/models.py [3ms]
2024-06-11 19:54:02.700 [info] > git cat-file -s eae465e55b0fa0d21b3fd85ad3876412a2216843 [1ms]
2024-06-11 19:54:08.275 [info] > git show --textconv :news/views.py [4ms]
2024-06-11 19:54:08.276 [info] > git ls-files --stage -- /home/sai/NewsPortal/news/views.py [1ms]
2024-06-11 19:54:08.280 [info] > git cat-file -s fe5803f2fafa2077ea64e427f8947a1111f4b119 [0ms]
2024-06-11 19:54:20.827 [info] > git config --get commit.template [0ms]
2024-06-11 19:54:20.834 [info] > git for-each-ref --format=%(refname)%00%(upstream:short)%00%(objectname)%00%(upstream:track)%00%(upstream:remotename)%00%(upstream:remoteref) refs/heads/main refs/remotes/main [2ms]
2024-06-11 19:54:20.839 [info] > git status -z -uall [1ms]
2024-06-11 19:57:38.432 [info] > git show --textconv :locale/ru/LC_MESSAGES/django.po [3ms]
2024-06-11 19:57:38.433 [info] > git ls-files --stage -- /home/sai/NewsPortal/locale/ru/LC_MESSAGES/django.po [1ms]
2024-06-11 19:57:57.831 [info] > git show --textconv :locale/en/LC_MESSAGES/django.po [17ms]
2024-06-11 19:57:57.831 [info] > git ls-files --stage -- /home/sai/NewsPortal/locale/en/LC_MESSAGES/django.po [8ms]
2024-06-11 19:58:14.988 [info] > git show --textconv :locale/ru/LC_MESSAGES/django.po [7ms]
2024-06-11 19:58:14.988 [info] > git ls-files --stage -- /home/sai/NewsPortal/locale/ru/LC_MESSAGES/django.po [1ms]
2024-06-11 19:58:33.882 [info] > git show --textconv :locale/ru/LC_MESSAGES/django.po [4ms]
2024-06-11 19:58:33.882 [info] > git ls-files --stage -- /home/sai/NewsPortal/locale/ru/LC_MESSAGES/django.po [1ms]
2024-06-11 20:03:14.933 [info] > git show --textconv :news/models.py [8ms]
2024-06-11 20:03:14.933 [info] > git ls-files --stage -- /home/sai/NewsPortal/news/models.py [1ms]
2024-06-11 20:03:14.937 [info] > git cat-file -s eae465e55b0fa0d21b3fd85ad3876412a2216843 [1ms]
2024-06-11 20:03:48.828 [info] > git config --get commit.template [3ms]
2024-06-11 20:03:48.833 [info] > git for-each-ref --format=%(refname)%00%(upstream:short)%00%(objectname)%00%(upstream:track)%00%(upstream:remotename)%00%(upstream:remoteref) refs/heads/main refs/remotes/main [1ms]
2024-06-11 20:03:48.842 [info] > git status -z -uall [4ms]
2024-06-11 20:03:59.291 [info] > git config --get commit.template [1ms]
2024-06-11 20:03:59.298 [info] > git for-each-ref --format=%(refname)%00%(upstream:short)%00%(objectname)%00%(upstream:track)%00%(upstream:remotename)%00%(upstream:remoteref) refs/heads/main refs/remotes/main [1ms]
2024-06-11 20:03:59.302 [info] > git status -z -uall [1ms]
2024-06-11 20:04:21.715 [info] > git for-each-ref --format=%(refname)%00%(upstream:short)%00%(objectname)%00%(upstream:track)%00%(upstream:remotename)%00%(upstream:remoteref) refs/heads/main refs/remotes/main [1ms]
2024-06-11 20:04:21.715 [info] > git config --get commit.template [6ms]
2024-06-11 20:04:21.721 [info] > git status -z -uall [1ms]
2024-06-11 20:04:35.130 [info] > git config --get commit.template [5ms]
2024-06-11 20:04:35.132 [info] > git for-each-ref --format=%(refname)%00%(upstream:short)%00%(objectname)%00%(upstream:track)%00%(upstream:remotename)%00%(upstream:remoteref) refs/heads/main refs/remotes/main [2ms]
2024-06-11 20:04:35.142 [info] > git status -z -uall [1ms]
2024-06-11 20:04:40.476 [info] > git config --get commit.template [0ms]
2024-06-11 20:04:40.488 [info] > git for-each-ref --format=%(refname)%00%(upstream:short)%00%(objectname)%00%(upstream:track)%00%(upstream:remotename)%00%(upstream:remoteref) refs/heads/main refs/remotes/main [6ms]
2024-06-11 20:04:40.493 [info] > git status -z -uall [1ms]
2024-06-11 20:04:40.840 [info] > git show --textconv :locale/ru/LC_MESSAGES/django.po [0ms]
2024-06-11 20:04:40.857 [info] > git ls-files --stage -- /home/sai/NewsPortal/locale/ru/LC_MESSAGES/django.po [1ms]
2024-06-11 20:05:53.722 [info] > git config --get commit.template [1ms]
2024-06-11 20:05:53.732 [info] > git for-each-ref --format=%(refname)%00%(upstream:short)%00%(objectname)%00%(upstream:track)%00%(upstream:remotename)%00%(upstream:remoteref) refs/heads/main refs/remotes/main [2ms]
2024-06-11 20:05:53.737 [info] > git status -z -uall [1ms]
2024-06-11 20:08:53.555 [info] > git check-ignore -v -z --stdin [6ms]
2024-06-11 20:08:56.789 [info] > git check-ignore -v -z --stdin [0ms]
2024-06-11 20:09:04.649 [info] > git show --textconv :templates/post_created_email.html [4ms]
2024-06-11 20:09:04.650 [info] > git ls-files --stage -- /home/sai/NewsPortal/templates/post_created_email.html [2ms]
2024-06-11 20:09:04.654 [info] > git cat-file -s d68aceeb741af471bdb9d485829e7d8d23d1e647 [1ms]
2024-06-11 20:09:09.954 [info] > git show --textconv :locale/ru/LC_MESSAGES/django.po [11ms]
2024-06-11 20:09:09.954 [info] > git ls-files --stage -- /home/sai/NewsPortal/locale/ru/LC_MESSAGES/django.po [1ms]
2024-06-11 20:09:15.767 [info] > git show --textconv :templates/article_create.html [7ms]
2024-06-11 20:09:15.767 [info] > git ls-files --stage -- /home/sai/NewsPortal/templates/article_create.html [1ms]
2024-06-11 20:09:15.773 [info] > git cat-file -s a4308af7b8c7ea543f78698766d48116dd5eae84 [1ms]
2024-06-11 20:09:19.005 [info] > git show --textconv :templates/weekly_newsletter.html [8ms]
2024-06-11 20:09:19.006 [info] > git ls-files --stage -- /home/sai/NewsPortal/templates/weekly_newsletter.html [1ms]
2024-06-11 20:09:19.012 [info] > git cat-file -s f76853f819473728c9f66b4fdf9dcb7707cc8c56 [2ms]
2024-06-11 20:09:23.928 [info] > git show --textconv :templates/subscriptions.html [7ms]
2024-06-11 20:09:23.928 [info] > git ls-files --stage -- /home/sai/NewsPortal/templates/subscriptions.html [1ms]
2024-06-11 20:09:23.935 [info] > git cat-file -s bbd930dd83ca3426eef229aa4a3271ba4bbeabd5 [2ms]
2024-06-11 20:09:26.069 [info] > git show --textconv :locale/ru/LC_MESSAGES/django.po [8ms]
2024-06-11 20:09:26.069 [info] > git ls-files --stage -- /home/sai/NewsPortal/locale/ru/LC_MESSAGES/django.po [1ms]
2024-06-11 20:09:31.171 [info] > git show --textconv :templates/weekly_newsletter.html [0ms]
2024-06-11 20:09:31.182 [info] > git ls-files --stage -- /home/sai/NewsPortal/templates/weekly_newsletter.html [1ms]
2024-06-11 20:09:31.191 [info] > git cat-file -s f76853f819473728c9f66b4fdf9dcb7707cc8c56 [3ms]
2024-06-11 20:09:32.065 [info] > git show --textconv :templates/subscriptions.html [1ms]
2024-06-11 20:09:32.073 [info] > git ls-files --stage -- /home/sai/NewsPortal/templates/subscriptions.html [0ms]
2024-06-11 20:09:32.080 [info] > git cat-file -s bbd930dd83ca3426eef229aa4a3271ba4bbeabd5 [1ms]
2024-06-11 20:12:31.225 [info] > git ls-files --stage -- /home/sai/NewsPortal/templates/category_list.html [16ms]
2024-06-11 20:12:31.232 [info] > git show --textconv :templates/category_list.html [31ms]
2024-06-11 20:12:31.233 [info] > git cat-file -s 6dba0a6f86b56d97118175b197c1d0623472384f [2ms]
2024-06-11 20:12:31.899 [info] > git show --textconv :templates/article_create.html [9ms]
2024-06-11 20:12:31.900 [info] > git ls-files --stage -- /home/sai/NewsPortal/templates/article_create.html [2ms]
2024-06-11 20:12:31.908 [info] > git cat-file -s a4308af7b8c7ea543f78698766d48116dd5eae84 [2ms]
2024-06-11 20:12:33.232 [info] > git show --textconv :templates/category_list.html [1ms]
2024-06-11 20:12:33.244 [info] > git ls-files --stage -- /home/sai/NewsPortal/templates/category_list.html [1ms]
2024-06-11 20:12:33.249 [info] > git cat-file -s 6dba0a6f86b56d97118175b197c1d0623472384f [1ms]
2024-06-11 20:12:35.471 [info] > git show --textconv :templates/weekly_newsletter.html [0ms]
2024-06-11 20:12:35.483 [info] > git ls-files --stage -- /home/sai/NewsPortal/templates/weekly_newsletter.html [0ms]
2024-06-11 20:12:35.486 [info] > git cat-file -s f76853f819473728c9f66b4fdf9dcb7707cc8c56 [1ms]
2024-06-11 20:12:36.638 [info] > git show --textconv :templates/subscriptions.html [9ms]
2024-06-11 20:12:36.638 [info] > git ls-files --stage -- /home/sai/NewsPortal/templates/subscriptions.html [3ms]
2024-06-11 20:12:36.649 [info] > git cat-file -s bbd930dd83ca3426eef229aa4a3271ba4bbeabd5 [4ms]
2024-06-11 20:12:38.846 [info] > git show --textconv :templates/post_created_email.html [10ms]
2024-06-11 20:12:38.846 [info] > git ls-files --stage -- /home/sai/NewsPortal/templates/post_created_email.html [2ms]
2024-06-11 20:12:38.854 [info] > git cat-file -s d68aceeb741af471bdb9d485829e7d8d23d1e647 [2ms]
2024-06-11 20:12:42.579 [info] > git show --textconv :templates/search.html [1ms]
2024-06-11 20:12:42.589 [info] > git ls-files --stage -- /home/sai/NewsPortal/templates/search.html [3ms]
2024-06-11 20:12:42.598 [info] > git cat-file -s e4e448c8c886818c9548856ab7f268786e663d90 [1ms]
2024-06-11 20:12:46.179 [info] > git show --textconv :templates/news.html [9ms]
2024-06-11 20:12:46.180 [info] > git ls-files --stage -- /home/sai/NewsPortal/templates/news.html [1ms]
2024-06-11 20:12:46.186 [info] > git cat-file -s 4c09cfb69d9bf72ab27c1c3ee47763f00032685d [1ms]
2024-06-11 20:12:46.967 [info] > git show --textconv :templates/news_id.html [4ms]
2024-06-11 20:12:46.968 [info] > git ls-files --stage -- /home/sai/NewsPortal/templates/news_id.html [1ms]
2024-06-11 20:12:46.973 [info] > git cat-file -s 76f5013f81a7c18e9edf0692bb5921f184513bb5 [1ms]
2024-06-11 20:12:48.043 [info] > git show --textconv :templates/news_edit.html [1ms]
2024-06-11 20:12:48.058 [info] > git ls-files --stage -- /home/sai/NewsPortal/templates/news_edit.html [3ms]
2024-06-11 20:12:48.063 [info] > git cat-file -s 3e1529b9c2d6c40733bd853744adcc2a57007909 [0ms]
2024-06-11 20:12:49.294 [info] > git show --textconv :templates/news_id.html [12ms]
2024-06-11 20:12:49.297 [info] > git ls-files --stage -- /home/sai/NewsPortal/templates/news_id.html [4ms]
2024-06-11 20:12:49.307 [info] > git cat-file -s 76f5013f81a7c18e9edf0692bb5921f184513bb5 [5ms]
2024-06-11 20:12:50.527 [info] > git show --textconv :templates/news_create.html [9ms]
2024-06-11 20:12:50.528 [info] > git ls-files --stage -- /home/sai/NewsPortal/templates/news_create.html [2ms]
2024-06-11 20:12:50.536 [info] > git cat-file -s 63f1e90347d70414a99b9c65e72d8e2326b92dbc [2ms]
2024-06-11 20:12:52.050 [info] > git show --textconv :templates/category_list.html [5ms]
2024-06-11 20:12:52.051 [info] > git ls-files --stage -- /home/sai/NewsPortal/templates/category_list.html [1ms]
2024-06-11 20:12:52.056 [info] > git cat-file -s 6dba0a6f86b56d97118175b197c1d0623472384f [1ms]
2024-06-11 20:12:54.557 [info] > git show --textconv :templates/article_create.html [1ms]
2024-06-11 20:12:54.571 [info] > git ls-files --stage -- /home/sai/NewsPortal/templates/article_create.html [1ms]
2024-06-11 20:12:54.578 [info] > git cat-file -s a4308af7b8c7ea543f78698766d48116dd5eae84 [1ms]
2024-06-11 20:12:58.785 [info] > git check-ignore -v -z --stdin [3ms]
2024-06-11 20:12:59.494 [info] > git show --textconv :templates/registration/signup.html [0ms]
2024-06-11 20:12:59.504 [info] > git ls-files --stage -- /home/sai/NewsPortal/templates/registration/signup.html [0ms]
2024-06-11 20:12:59.511 [info] > git cat-file -s ecee20bfc36f7e049e54c413eb688a270ee06f23 [1ms]
2024-06-11 20:13:00.367 [info] > git show --textconv :templates/registration/login.html [12ms]
2024-06-11 20:13:00.369 [info] > git ls-files --stage -- /home/sai/NewsPortal/templates/registration/login.html [3ms]
2024-06-11 20:13:00.383 [info] > git cat-file -s ca21bb83bd73f729d90b2bbb55b3c44758b86455 [2ms]
2024-06-11 20:13:03.568 [info] > git show --textconv :templates/registration/signup.html [9ms]
2024-06-11 20:13:03.568 [info] > git ls-files --stage -- /home/sai/NewsPortal/templates/registration/signup.html [1ms]
2024-06-11 20:13:03.574 [info] > git cat-file -s ecee20bfc36f7e049e54c413eb688a270ee06f23 [2ms]
2024-06-11 20:13:36.970 [info] > git config --get commit.template [6ms]
2024-06-11 20:13:36.976 [info] > git for-each-ref --format=%(refname)%00%(upstream:short)%00%(objectname)%00%(upstream:track)%00%(upstream:remotename)%00%(upstream:remoteref) refs/heads/main refs/remotes/main [6ms]
2024-06-11 20:13:36.991 [info] > git status -z -uall [5ms]
2024-06-11 20:14:20.289 [info] > git config --get commit.template [8ms]
2024-06-11 20:14:20.291 [info] > git for-each-ref --format=%(refname)%00%(upstream:short)%00%(objectname)%00%(upstream:track)%00%(upstream:remotename)%00%(upstream:remoteref) refs/heads/main refs/remotes/main [2ms]
2024-06-11 20:14:20.300 [info] > git status -z -uall [6ms]
2024-06-11 20:14:41.847 [info] > git config --get commit.template [1ms]
2024-06-11 20:14:41.852 [info] > git for-each-ref --format=%(refname)%00%(upstream:short)%00%(objectname)%00%(upstream:track)%00%(upstream:remotename)%00%(upstream:remoteref) refs/heads/main refs/remotes/main [1ms]
2024-06-11 20:14:41.862 [info] > git status -z -uall [3ms]
2024-06-11 20:14:43.983 [info] > git show --textconv :news/views.py [5ms]
2024-06-11 20:14:43.984 [info] > git ls-files --stage -- /home/sai/NewsPortal/news/views.py [2ms]
2024-06-11 20:14:43.989 [info] > git cat-file -s fe5803f2fafa2077ea64e427f8947a1111f4b119 [2ms]
2024-06-11 20:14:56.330 [info] > git show --textconv :logs/errors.log [10ms]
2024-06-11 20:14:56.330 [info] > git ls-files --stage -- /home/sai/NewsPortal/logs/errors.log [4ms]
2024-06-11 20:14:56.340 [info] > git cat-file -s e69de29bb2d1d6434b8b29ae775ad8c2e48c5391 [2ms]
2024-06-11 20:14:57.109 [info] > git show --textconv :logs/general.log [9ms]
2024-06-11 20:14:57.109 [info] > git ls-files --stage -- /home/sai/NewsPortal/logs/general.log [1ms]
2024-06-11 20:14:57.117 [info] > git cat-file -s 562fdc11ab7e166608f22bb11e7bac81f1e6c24e [2ms]
2024-06-11 20:14:58.202 [info] > git show --textconv :logs/security.log [11ms]
2024-06-11 20:14:58.202 [info] > git ls-files --stage -- /home/sai/NewsPortal/logs/security.log [3ms]
2024-06-11 20:14:58.216 [info] > git cat-file -s e69de29bb2d1d6434b8b29ae775ad8c2e48c5391 [4ms]
2024-06-11 20:15:02.011 [info] > git check-ignore -v -z --stdin [2ms]
2024-06-11 20:15:10.160 [info] > git show --textconv :news/urls.py [5ms]
2024-06-11 20:15:10.162 [info] > git ls-files --stage -- /home/sai/NewsPortal/news/urls.py [3ms]
2024-06-11 20:15:10.177 [info] > git cat-file -s 8ae605adb23a7a1d45fe6bd080b8f039e4626214 [3ms]
2024-06-11 20:15:27.954 [info] > git config --get commit.template [4ms]
2024-06-11 20:15:27.954 [info] > git for-each-ref --format=%(refname)%00%(upstream:short)%00%(objectname)%00%(upstream:track)%00%(upstream:remotename)%00%(upstream:remoteref) refs/heads/main refs/remotes/main [1ms]
2024-06-11 20:15:27.964 [info] > git status -z -uall [5ms]
2024-06-11 20:15:54.403 [info] > git config --get commit.template [15ms]
2024-06-11 20:15:54.406 [info] > git for-each-ref --format=%(refname)%00%(upstream:short)%00%(objectname)%00%(upstream:track)%00%(upstream:remotename)%00%(upstream:remoteref) refs/heads/main refs/remotes/main [4ms]
2024-06-11 20:15:54.417 [info] > git status -z -uall [5ms]
2024-06-11 20:15:55.694 [info] > git show --textconv :logs/general.log [4ms]
2024-06-11 20:15:55.694 [info] > git ls-files --stage -- /home/sai/NewsPortal/logs/general.log [1ms]
2024-06-11 20:15:55.698 [info] > git cat-file -s 562fdc11ab7e166608f22bb11e7bac81f1e6c24e [1ms]
2024-06-11 20:15:56.128 [info] > git show --textconv :logs/security.log [1ms]
2024-06-11 20:15:56.139 [info] > git ls-files --stage -- /home/sai/NewsPortal/logs/security.log [1ms]
2024-06-11 20:15:56.146 [info] > git cat-file -s e69de29bb2d1d6434b8b29ae775ad8c2e48c5391 [0ms]
2024-06-11 20:15:56.884 [info] > git show --textconv :logs/errors.log [13ms]
2024-06-11 20:15:56.884 [info] > git ls-files --stage -- /home/sai/NewsPortal/logs/errors.log [2ms]
2024-06-11 20:15:56.892 [info] > git cat-file -s e69de29bb2d1d6434b8b29ae775ad8c2e48c5391 [2ms]
2024-06-11 20:15:57.395 [info] > git show --textconv :logs/general.log [0ms]
2024-06-11 20:15:57.403 [info] > git ls-files --stage -- /home/sai/NewsPortal/logs/general.log [1ms]
2024-06-11 20:15:57.410 [info] > git cat-file -s 562fdc11ab7e166608f22bb11e7bac81f1e6c24e [3ms]
2024-06-11 20:15:59.428 [info] > git config --get commit.template [0ms]
2024-06-11 20:15:59.432 [info] > git for-each-ref --format=%(refname)%00%(upstream:short)%00%(objectname)%00%(upstream:track)%00%(upstream:remotename)%00%(upstream:remoteref) refs/heads/main refs/remotes/main [1ms]
2024-06-11 20:15:59.440 [info] > git status -z -uall [1ms]
2024-06-11 20:17:50.756 [info] > git config --get commit.template [7ms]
2024-06-11 20:17:50.756 [info] > git for-each-ref --format=%(refname)%00%(upstream:short)%00%(objectname)%00%(upstream:track)%00%(upstream:remotename)%00%(upstream:remoteref) refs/heads/main refs/remotes/main [4ms]
2024-06-11 20:17:50.778 [info] > git status -z -uall [12ms]
2024-06-11 20:17:55.135 [info] > git show --textconv :news/urls.py [4ms]
2024-06-11 20:17:55.136 [info] > git ls-files --stage -- /home/sai/NewsPortal/news/urls.py [1ms]
2024-06-11 20:17:55.141 [info] > git cat-file -s 8ae605adb23a7a1d45fe6bd080b8f039e4626214 [0ms]
2024-06-11 20:17:55.795 [info] > git config --get commit.template [2ms]
2024-06-11 20:17:55.805 [info] > git for-each-ref --format=%(refname)%00%(upstream:short)%00%(objectname)%00%(upstream:track)%00%(upstream:remotename)%00%(upstream:remoteref) refs/heads/main refs/remotes/main [2ms]
2024-06-11 20:17:55.815 [info] > git status -z -uall [2ms]
2024-06-11 20:19:46.266 [info] > git for-each-ref --format=%(refname)%00%(upstream:short)%00%(objectname)%00%(upstream:track)%00%(upstream:remotename)%00%(upstream:remoteref) refs/heads/main refs/remotes/main [6ms]
2024-06-11 20:19:46.267 [info] > git config --get commit.template [11ms]
2024-06-11 20:19:46.275 [info] > git status -z -uall [4ms]
2024-06-11 20:19:51.294 [info] > git config --get commit.template [1ms]
2024-06-11 20:19:51.298 [info] > git for-each-ref --format=%(refname)%00%(upstream:short)%00%(objectname)%00%(upstream:track)%00%(upstream:remotename)%00%(upstream:remoteref) refs/heads/main refs/remotes/main [1ms]
2024-06-11 20:19:51.303 [info] > git status -z -uall [1ms]
2024-06-11 20:20:57.543 [info] > git ls-files --stage -- /home/sai/NewsPortal/news/models.py [12ms]
2024-06-11 20:20:57.547 [info] > git show --textconv :news/models.py [21ms]
2024-06-11 20:20:57.547 [info] > git cat-file -s eae465e55b0fa0d21b3fd85ad3876412a2216843 [1ms]
2024-06-11 20:21:00.132 [info] > git show --textconv :news/views.py [3ms]
2024-06-11 20:21:00.133 [info] > git ls-files --stage -- /home/sai/NewsPortal/news/views.py [1ms]
2024-06-11 20:21:00.144 [info] > git cat-file -s fe5803f2fafa2077ea64e427f8947a1111f4b119 [7ms]
2024-06-11 20:22:24.102 [info] > git ls-files --stage -- /home/sai/NewsPortal/news/filters.py [25ms]
2024-06-11 20:22:24.106 [info] > git show --textconv :news/filters.py [33ms]
2024-06-11 20:22:24.107 [info] > git cat-file -s c7eb36e2edf606560464a258c614f0dc725258be [1ms]
2024-06-11 20:22:25.478 [info] > git show --textconv :news/forms.py [9ms]
2024-06-11 20:22:25.479 [info] > git ls-files --stage -- /home/sai/NewsPortal/news/forms.py [2ms]
2024-06-11 20:22:25.489 [info] > git cat-file -s 97402f4ada7139d2ca608362d35bc60e82c020ba [3ms]
2024-06-11 20:22:28.449 [info] > git show --textconv :news/signals.py [5ms]
2024-06-11 20:22:28.449 [info] > git ls-files --stage -- /home/sai/NewsPortal/news/signals.py [0ms]
2024-06-11 20:22:28.453 [info] > git cat-file -s 436111d5f08091c48291cd2466771d0264b1225a [1ms]
2024-06-11 20:22:45.407 [info] > git show --textconv :news/tasks.py [7ms]
2024-06-11 20:22:45.407 [info] > git ls-files --stage -- /home/sai/NewsPortal/news/tasks.py [2ms]
2024-06-11 20:22:45.414 [info] > git cat-file -s 27daa60654d62a0189ed684d30388b7b35f6afe2 [2ms]
2024-06-11 20:31:49.337 [info] > git config --get commit.template [11ms]
2024-06-11 20:31:49.338 [info] > git for-each-ref --format=%(refname)%00%(upstream:short)%00%(objectname)%00%(upstream:track)%00%(upstream:remotename)%00%(upstream:remoteref) refs/heads/main refs/remotes/main [8ms]
2024-06-11 20:31:49.348 [info] > git status -z -uall [7ms]
2024-06-11 20:44:39.243 [info] > git config --get commit.template [7ms]
2024-06-11 20:44:39.244 [info] > git for-each-ref --format=%(refname)%00%(upstream:short)%00%(objectname)%00%(upstream:track)%00%(upstream:remotename)%00%(upstream:remoteref) refs/heads/main refs/remotes/main [4ms]
2024-06-11 20:44:39.254 [info] > git status -z -uall [6ms]
2024-06-11 20:44:42.411 [info] > git show --textconv :logs/general.log [5ms]
2024-06-11 20:44:42.411 [info] > git ls-files --stage -- /home/sai/NewsPortal/logs/general.log [1ms]
2024-06-11 20:44:42.413 [info] > git cat-file -s 562fdc11ab7e166608f22bb11e7bac81f1e6c24e [0ms]
2024-06-11 20:44:44.274 [info] > git config --get commit.template [2ms]
2024-06-11 20:44:44.280 [info] > git for-each-ref --format=%(refname)%00%(upstream:short)%00%(objectname)%00%(upstream:track)%00%(upstream:remotename)%00%(upstream:remoteref) refs/heads/main refs/remotes/main [1ms]
2024-06-11 20:44:44.290 [info] > git status -z -uall [5ms]
2024-06-11 20:44:46.691 [info] > git ls-files --stage -- /home/sai/NewsPortal/logs/security.log [1ms]
2024-06-11 20:44:46.694 [info] > git show --textconv :logs/security.log [9ms]
2024-06-11 20:44:46.695 [info] > git cat-file -s e69de29bb2d1d6434b8b29ae775ad8c2e48c5391 [1ms]
2024-06-11 20:44:47.405 [info] > git show --textconv :logs/general.log [4ms]
2024-06-11 20:44:47.406 [info] > git ls-files --stage -- /home/sai/NewsPortal/logs/general.log [1ms]
2024-06-11 20:44:47.410 [info] > git cat-file -s 562fdc11ab7e166608f22bb11e7bac81f1e6c24e [0ms]
2024-06-11 20:44:48.036 [info] > git show --textconv :logs/errors.log [5ms]
2024-06-11 20:44:48.037 [info] > git ls-files --stage -- /home/sai/NewsPortal/logs/errors.log [2ms]
2024-06-11 20:44:48.042 [info] > git cat-file -s e69de29bb2d1d6434b8b29ae775ad8c2e48c5391 [0ms]
2024-06-11 20:45:04.762 [info] > git ls-files --stage -- /home/sai/NewsPortal/news/signals.py [2ms]
2024-06-11 20:45:04.765 [info] > git show --textconv :news/signals.py [9ms]
2024-06-11 20:45:04.766 [info] > git cat-file -s 436111d5f08091c48291cd2466771d0264b1225a [1ms]
2024-06-11 20:47:36.572 [info] > git ls-files --stage -- /home/sai/NewsPortal/templates/subscriptions.html [18ms]
2024-06-11 20:47:36.577 [info] > git show --textconv :templates/subscriptions.html [28ms]
2024-06-11 20:47:36.578 [info] > git cat-file -s bbd930dd83ca3426eef229aa4a3271ba4bbeabd5 [1ms]
2024-06-11 20:47:46.243 [info] > git show --textconv :news/signals.py [11ms]
2024-06-11 20:47:46.247 [info] > git ls-files --stage -- /home/sai/NewsPortal/news/signals.py [4ms]
2024-06-11 20:47:46.252 [info] > git cat-file -s 436111d5f08091c48291cd2466771d0264b1225a [1ms]
2024-06-11 20:47:47.410 [info] > git show --textconv :news/views.py [6ms]
2024-06-11 20:47:47.411 [info] > git ls-files --stage -- /home/sai/NewsPortal/news/views.py [1ms]
2024-06-11 20:47:47.415 [info] > git cat-file -s fe5803f2fafa2077ea64e427f8947a1111f4b119 [2ms]
2024-06-11 20:47:49.339 [info] > git show --textconv :project/settings.py [4ms]
2024-06-11 20:47:49.340 [info] > git ls-files --stage -- /home/sai/NewsPortal/project/settings.py [1ms]
2024-06-11 20:47:49.345 [info] > git cat-file -s 0ef202a666316106fdddf5b508c579c713c6c0be [2ms]
2024-06-11 20:47:50.118 [info] > git show --textconv :news/views.py [5ms]
2024-06-11 20:47:50.119 [info] > git ls-files --stage -- /home/sai/NewsPortal/news/views.py [1ms]
2024-06-11 20:47:50.124 [info] > git cat-file -s fe5803f2fafa2077ea64e427f8947a1111f4b119 [1ms]
2024-06-11 20:47:58.930 [info] > git show --textconv :news/models.py [7ms]
2024-06-11 20:47:58.930 [info] > git ls-files --stage -- /home/sai/NewsPortal/news/models.py [1ms]
2024-06-11 20:47:58.936 [info] > git cat-file -s eae465e55b0fa0d21b3fd85ad3876412a2216843 [2ms]
2024-06-11 20:48:38.562 [info] > git config --get commit.template [9ms]
2024-06-11 20:48:38.562 [info] > git for-each-ref --format=%(refname)%00%(upstream:short)%00%(objectname)%00%(upstream:track)%00%(upstream:remotename)%00%(upstream:remoteref) refs/heads/main refs/remotes/main [3ms]
2024-06-11 20:48:38.588 [info] > git status -z -uall [6ms]
2024-06-11 20:48:43.604 [info] > git config --get commit.template [1ms]
2024-06-11 20:48:43.608 [info] > git for-each-ref --format=%(refname)%00%(upstream:short)%00%(objectname)%00%(upstream:track)%00%(upstream:remotename)%00%(upstream:remoteref) refs/heads/main refs/remotes/main [1ms]
2024-06-11 20:48:43.616 [info] > git status -z -uall [3ms]
2024-06-11 20:51:40.010 [info] > git config --get commit.template [6ms]
2024-06-11 20:51:40.010 [info] > git for-each-ref --format=%(refname)%00%(upstream:short)%00%(objectname)%00%(upstream:track)%00%(upstream:remotename)%00%(upstream:remoteref) refs/heads/main refs/remotes/main [6ms]
2024-06-11 20:51:40.024 [info] > git status -z -uall [8ms]
2024-06-11 20:51:57.062 [info] > git config --get commit.template [5ms]
2024-06-11 20:51:57.068 [info] > git for-each-ref --format=%(refname)%00%(upstream:short)%00%(objectname)%00%(upstream:track)%00%(upstream:remotename)%00%(upstream:remoteref) refs/heads/main refs/remotes/main [2ms]
2024-06-11 20:51:57.076 [info] > git status -z -uall [2ms]
